2014-03-25 23:48:47,129 [main] DEBUG (ConfigurationFactory.java [parseConfiguration]:130) - Configuring ehcache from ehcache.xml found in the classpath: file:/D:/work_on_OpenShift/exist2/exist/webapp/WEB-INF/classes/ehcache.xml 
2014-03-25 23:48:47,129 [main] DEBUG (ConfigurationFactory.java [parseConfiguration]:96) - Configuring ehcache from URL: file:/D:/work_on_OpenShift/exist2/exist/webapp/WEB-INF/classes/ehcache.xml 
2014-03-25 23:48:47,130 [main] DEBUG (ConfigurationFactory.java [parseConfiguration]:148) - Configuring ehcache from InputStream 
2014-03-25 23:48:47,161 [main] DEBUG (DiskStoreConfiguration.java [translatePath]:141) - Disk Store Path: D:\work_on_OpenShift\exist2\exist\tools\jetty/tmp 
2014-03-25 23:48:47,197 [main] WARN  (CacheConfiguration.java [isEternalValueConflictingWithTTIOrTTL]:808) - Cache 'xfTestConfigOneElementInMemory' is set to eternal but also has TTI/TTL set.  To avoid this warning, clean up the config removing conflicting values of eternal, TTI and TTL. Effective configuration for Cache 'xfTestConfigOneElementInMemory' will be eternal='true', timeToIdleSeconds='0', timeToLiveSeconds='0'. 
2014-03-25 23:48:47,204 [main] DEBUG (CacheManager.java [newInstance]:984) - Creating new CacheManager with default config 
2014-03-25 23:48:47,250 [main] DEBUG (PropertyUtil.java [parseProperties]:88) - propertiesString is null. 
2014-03-25 23:48:47,274 [main] DEBUG (ConfigurationHelper.java [createCacheManagerEventListener]:185) - No CacheManagerEventListenerFactory class specified. Skipping... 
2014-03-25 23:48:47,334 [main] DEBUG (Cache.java [createBootstrapCacheLoader]:968) - No BootstrapCacheLoaderFactory class specified. Skipping... 
2014-03-25 23:48:47,334 [main] DEBUG (Cache.java [createCacheWriter]:942) - CacheWriter factory not configured. Skipping... 
2014-03-25 23:48:47,336 [main] DEBUG (ConfigurationHelper.java [createCacheExceptionHandler]:96) - No CacheExceptionHandlerFactory class specified. Skipping... 
2014-03-25 23:48:47,339 [main] DEBUG (Cache.java [createBootstrapCacheLoader]:968) - No BootstrapCacheLoaderFactory class specified. Skipping... 
2014-03-25 23:48:47,339 [main] DEBUG (Cache.java [createCacheWriter]:942) - CacheWriter factory not configured. Skipping... 
2014-03-25 23:48:47,340 [main] DEBUG (ConfigurationHelper.java [createCacheExceptionHandler]:96) - No CacheExceptionHandlerFactory class specified. Skipping... 
2014-03-25 23:48:47,340 [main] DEBUG (Cache.java [createBootstrapCacheLoader]:968) - No BootstrapCacheLoaderFactory class specified. Skipping... 
2014-03-25 23:48:47,340 [main] DEBUG (Cache.java [createCacheWriter]:942) - CacheWriter factory not configured. Skipping... 
2014-03-25 23:48:47,340 [main] DEBUG (ConfigurationHelper.java [createCacheExceptionHandler]:96) - No CacheExceptionHandlerFactory class specified. Skipping... 
2014-03-25 23:48:47,341 [main] DEBUG (Cache.java [createBootstrapCacheLoader]:968) - No BootstrapCacheLoaderFactory class specified. Skipping... 
2014-03-25 23:48:47,341 [main] DEBUG (Cache.java [createCacheWriter]:942) - CacheWriter factory not configured. Skipping... 
2014-03-25 23:48:47,341 [main] DEBUG (ConfigurationHelper.java [createCacheExceptionHandler]:96) - No CacheExceptionHandlerFactory class specified. Skipping... 
2014-03-25 23:48:47,403 [main] DEBUG (MemoryStore.java [<init>]:153) - Initialized net.sf.ehcache.store.NotifyingMemoryStore for xfSessionCache 
2014-03-25 23:48:47,414 [main] DEBUG (Cache.java [initialise]:1165) - Initialised cache: xfSessionCache 
2014-03-25 23:48:47,415 [main] DEBUG (ConfigurationHelper.java [createCacheDecorators]:332) - CacheDecoratorFactory not configured. Skipping for 'xfSessionCache'. 
2014-03-25 23:48:47,415 [main] DEBUG (ConfigurationHelper.java [createDefaultCacheDecorators]:361) - CacheDecoratorFactory not configured for defaultCache. Skipping for 'xfSessionCache'. 
2014-03-25 23:48:47,416 [main] DEBUG (MemoryStore.java [<init>]:153) - Initialized net.sf.ehcache.store.NotifyingMemoryStore for xfFileCache 
2014-03-25 23:48:47,417 [main] DEBUG (Cache.java [initialise]:1165) - Initialised cache: xfFileCache 
2014-03-25 23:48:47,417 [main] DEBUG (ConfigurationHelper.java [createCacheDecorators]:332) - CacheDecoratorFactory not configured. Skipping for 'xfFileCache'. 
2014-03-25 23:48:47,417 [main] DEBUG (ConfigurationHelper.java [createDefaultCacheDecorators]:361) - CacheDecoratorFactory not configured for defaultCache. Skipping for 'xfFileCache'. 
2014-03-25 23:48:47,419 [main] DEBUG (MemoryStore.java [<init>]:153) - Initialized net.sf.ehcache.store.MemoryStore for xfTestConfigOneElementInMemory 
2014-03-25 23:48:47,476 [main] DEBUG (DiskStorageFactory.java [<init>]:165) - Matching data file missing (or empty) for index file. Deleting index file D:\work_on_OpenShift\exist2\exist\tools\jetty\tmp\xfTestConfigOneElementInMemory.index 
2014-03-25 23:48:47,476 [main] DEBUG (DiskStorageFactory.java [deleteFile]:870) - Failed to delete file xfTestConfigOneElementInMemory.index 
2014-03-25 23:48:47,488 [main] DEBUG (Cache.java [initialise]:1165) - Initialised cache: xfTestConfigOneElementInMemory 
2014-03-25 23:48:47,488 [main] DEBUG (ConfigurationHelper.java [createCacheDecorators]:332) - CacheDecoratorFactory not configured. Skipping for 'xfTestConfigOneElementInMemory'. 
2014-03-25 23:48:47,489 [main] DEBUG (ConfigurationHelper.java [createDefaultCacheDecorators]:361) - CacheDecoratorFactory not configured for defaultCache. Skipping for 'xfTestConfigOneElementInMemory'. 
2014-03-25 23:48:48,359 [net.sf.ehcache.CacheManager@29ef44ef] DEBUG (UpdateChecker.java [doCheck]:68) - Checking for update... 
2014-03-25 23:48:49,458 [net.sf.ehcache.CacheManager@29ef44ef] INFO  (UpdateChecker.java [doCheck]:98) - New update(s) found: 2.6.5 [http://www.terracotta.org/confluence/display/release/Release+Notes+Ehcache+Core+2.6]. Please check http://ehcache.org for the latest version. 
2014-03-25 23:55:50,485 [Thread-4] DEBUG (CacheManager.java [create]:742) - Attempting to create an existing singleton. Existing singleton returned. 
2014-03-26 09:19:00,837 [main] DEBUG (ConfigurationFactory.java [parseConfiguration]:130) - Configuring ehcache from ehcache.xml found in the classpath: file:/D:/work_on_OpenShift/exist3/exist/diy/webapp/WEB-INF/classes/ehcache.xml 
2014-03-26 09:19:00,866 [main] DEBUG (ConfigurationFactory.java [parseConfiguration]:96) - Configuring ehcache from URL: file:/D:/work_on_OpenShift/exist3/exist/diy/webapp/WEB-INF/classes/ehcache.xml 
2014-03-26 09:19:00,867 [main] DEBUG (ConfigurationFactory.java [parseConfiguration]:148) - Configuring ehcache from InputStream 
2014-03-26 09:19:00,939 [main] DEBUG (DiskStoreConfiguration.java [translatePath]:141) - Disk Store Path: D:\work_on_OpenShift\exist3\exist\diy\tools\jetty/tmp 
2014-03-26 09:19:00,976 [main] WARN  (CacheConfiguration.java [isEternalValueConflictingWithTTIOrTTL]:808) - Cache 'xfTestConfigOneElementInMemory' is set to eternal but also has TTI/TTL set.  To avoid this warning, clean up the config removing conflicting values of eternal, TTI and TTL. Effective configuration for Cache 'xfTestConfigOneElementInMemory' will be eternal='true', timeToIdleSeconds='0', timeToLiveSeconds='0'. 
2014-03-26 09:19:01,004 [main] DEBUG (CacheManager.java [newInstance]:984) - Creating new CacheManager with default config 
2014-03-26 09:19:01,012 [main] DEBUG (PropertyUtil.java [parseProperties]:88) - propertiesString is null. 
2014-03-26 09:19:01,033 [main] DEBUG (ConfigurationHelper.java [createCacheManagerEventListener]:185) - No CacheManagerEventListenerFactory class specified. Skipping... 
2014-03-26 09:19:01,077 [main] DEBUG (Cache.java [createBootstrapCacheLoader]:968) - No BootstrapCacheLoaderFactory class specified. Skipping... 
2014-03-26 09:19:01,077 [main] DEBUG (Cache.java [createCacheWriter]:942) - CacheWriter factory not configured. Skipping... 
2014-03-26 09:19:01,079 [main] DEBUG (ConfigurationHelper.java [createCacheExceptionHandler]:96) - No CacheExceptionHandlerFactory class specified. Skipping... 
2014-03-26 09:19:01,082 [main] DEBUG (Cache.java [createBootstrapCacheLoader]:968) - No BootstrapCacheLoaderFactory class specified. Skipping... 
2014-03-26 09:19:01,083 [main] DEBUG (Cache.java [createCacheWriter]:942) - CacheWriter factory not configured. Skipping... 
2014-03-26 09:19:01,083 [main] DEBUG (ConfigurationHelper.java [createCacheExceptionHandler]:96) - No CacheExceptionHandlerFactory class specified. Skipping... 
2014-03-26 09:19:01,083 [main] DEBUG (Cache.java [createBootstrapCacheLoader]:968) - No BootstrapCacheLoaderFactory class specified. Skipping... 
2014-03-26 09:19:01,083 [main] DEBUG (Cache.java [createCacheWriter]:942) - CacheWriter factory not configured. Skipping... 
2014-03-26 09:19:01,083 [main] DEBUG (ConfigurationHelper.java [createCacheExceptionHandler]:96) - No CacheExceptionHandlerFactory class specified. Skipping... 
2014-03-26 09:19:01,084 [main] DEBUG (Cache.java [createBootstrapCacheLoader]:968) - No BootstrapCacheLoaderFactory class specified. Skipping... 
2014-03-26 09:19:01,084 [main] DEBUG (Cache.java [createCacheWriter]:942) - CacheWriter factory not configured. Skipping... 
2014-03-26 09:19:01,084 [main] DEBUG (ConfigurationHelper.java [createCacheExceptionHandler]:96) - No CacheExceptionHandlerFactory class specified. Skipping... 
2014-03-26 09:19:01,168 [main] DEBUG (MemoryStore.java [<init>]:153) - Initialized net.sf.ehcache.store.NotifyingMemoryStore for xfFileCache 
2014-03-26 09:19:01,176 [main] DEBUG (Cache.java [initialise]:1165) - Initialised cache: xfFileCache 
2014-03-26 09:19:01,177 [main] DEBUG (ConfigurationHelper.java [createCacheDecorators]:332) - CacheDecoratorFactory not configured. Skipping for 'xfFileCache'. 
2014-03-26 09:19:01,177 [main] DEBUG (ConfigurationHelper.java [createDefaultCacheDecorators]:361) - CacheDecoratorFactory not configured for defaultCache. Skipping for 'xfFileCache'. 
2014-03-26 09:19:01,178 [main] DEBUG (MemoryStore.java [<init>]:153) - Initialized net.sf.ehcache.store.NotifyingMemoryStore for xfSessionCache 
2014-03-26 09:19:01,179 [main] DEBUG (Cache.java [initialise]:1165) - Initialised cache: xfSessionCache 
2014-03-26 09:19:01,179 [main] DEBUG (ConfigurationHelper.java [createCacheDecorators]:332) - CacheDecoratorFactory not configured. Skipping for 'xfSessionCache'. 
2014-03-26 09:19:01,180 [main] DEBUG (ConfigurationHelper.java [createDefaultCacheDecorators]:361) - CacheDecoratorFactory not configured for defaultCache. Skipping for 'xfSessionCache'. 
2014-03-26 09:19:01,181 [main] DEBUG (MemoryStore.java [<init>]:153) - Initialized net.sf.ehcache.store.MemoryStore for xfTestConfigOneElementInMemory 
2014-03-26 09:19:01,225 [main] DEBUG (DiskStorageFactory.java [<init>]:165) - Matching data file missing (or empty) for index file. Deleting index file D:\work_on_OpenShift\exist3\exist\diy\tools\jetty\tmp\xfTestConfigOneElementInMemory.index 
2014-03-26 09:19:01,236 [main] DEBUG (Cache.java [initialise]:1165) - Initialised cache: xfTestConfigOneElementInMemory 
2014-03-26 09:19:01,237 [main] DEBUG (ConfigurationHelper.java [createCacheDecorators]:332) - CacheDecoratorFactory not configured. Skipping for 'xfTestConfigOneElementInMemory'. 
2014-03-26 09:19:01,237 [main] DEBUG (ConfigurationHelper.java [createDefaultCacheDecorators]:361) - CacheDecoratorFactory not configured for defaultCache. Skipping for 'xfTestConfigOneElementInMemory'. 
2014-03-26 09:19:02,085 [net.sf.ehcache.CacheManager@6d74671e] DEBUG (UpdateChecker.java [doCheck]:68) - Checking for update... 
2014-03-26 09:19:06,549 [net.sf.ehcache.CacheManager@6d74671e] DEBUG (UpdateChecker.java [checkForUpdate]:63) - Update check failed: java.net.SocketTimeoutException: connect timed out 
2014-03-26 09:32:19,297 [Thread-4] DEBUG (CacheManager.java [create]:742) - Attempting to create an existing singleton. Existing singleton returned. 
2014-03-26 20:13:26,245 [main] DEBUG (ConfigurationFactory.java [parseConfiguration]:130) - Configuring ehcache from ehcache.xml found in the classpath: file:/D:/work_on_OpenShift/exist3/exist/diy/webapp/WEB-INF/classes/ehcache.xml 
2014-03-26 20:13:26,267 [main] DEBUG (ConfigurationFactory.java [parseConfiguration]:96) - Configuring ehcache from URL: file:/D:/work_on_OpenShift/exist3/exist/diy/webapp/WEB-INF/classes/ehcache.xml 
2014-03-26 20:13:26,268 [main] DEBUG (ConfigurationFactory.java [parseConfiguration]:148) - Configuring ehcache from InputStream 
2014-03-26 20:13:26,365 [main] DEBUG (DiskStoreConfiguration.java [translatePath]:141) - Disk Store Path: D:\work_on_OpenShift\exist3\exist\diy\tools\jetty/tmp 
2014-03-26 20:13:26,418 [main] WARN  (CacheConfiguration.java [isEternalValueConflictingWithTTIOrTTL]:808) - Cache 'xfTestConfigOneElementInMemory' is set to eternal but also has TTI/TTL set.  To avoid this warning, clean up the config removing conflicting values of eternal, TTI and TTL. Effective configuration for Cache 'xfTestConfigOneElementInMemory' will be eternal='true', timeToIdleSeconds='0', timeToLiveSeconds='0'. 
2014-03-26 20:13:26,422 [main] DEBUG (CacheManager.java [newInstance]:984) - Creating new CacheManager with default config 
2014-03-26 20:13:26,451 [main] DEBUG (PropertyUtil.java [parseProperties]:88) - propertiesString is null. 
2014-03-26 20:13:26,477 [main] DEBUG (ConfigurationHelper.java [createCacheManagerEventListener]:185) - No CacheManagerEventListenerFactory class specified. Skipping... 
2014-03-26 20:13:26,568 [main] DEBUG (Cache.java [createBootstrapCacheLoader]:968) - No BootstrapCacheLoaderFactory class specified. Skipping... 
2014-03-26 20:13:26,568 [main] DEBUG (Cache.java [createCacheWriter]:942) - CacheWriter factory not configured. Skipping... 
2014-03-26 20:13:26,570 [main] DEBUG (ConfigurationHelper.java [createCacheExceptionHandler]:96) - No CacheExceptionHandlerFactory class specified. Skipping... 
2014-03-26 20:13:26,574 [main] DEBUG (Cache.java [createBootstrapCacheLoader]:968) - No BootstrapCacheLoaderFactory class specified. Skipping... 
2014-03-26 20:13:26,574 [main] DEBUG (Cache.java [createCacheWriter]:942) - CacheWriter factory not configured. Skipping... 
2014-03-26 20:13:26,574 [main] DEBUG (ConfigurationHelper.java [createCacheExceptionHandler]:96) - No CacheExceptionHandlerFactory class specified. Skipping... 
2014-03-26 20:13:26,574 [main] DEBUG (Cache.java [createBootstrapCacheLoader]:968) - No BootstrapCacheLoaderFactory class specified. Skipping... 
2014-03-26 20:13:26,574 [main] DEBUG (Cache.java [createCacheWriter]:942) - CacheWriter factory not configured. Skipping... 
2014-03-26 20:13:26,575 [main] DEBUG (ConfigurationHelper.java [createCacheExceptionHandler]:96) - No CacheExceptionHandlerFactory class specified. Skipping... 
2014-03-26 20:13:26,575 [main] DEBUG (Cache.java [createBootstrapCacheLoader]:968) - No BootstrapCacheLoaderFactory class specified. Skipping... 
2014-03-26 20:13:26,575 [main] DEBUG (Cache.java [createCacheWriter]:942) - CacheWriter factory not configured. Skipping... 
2014-03-26 20:13:26,575 [main] DEBUG (ConfigurationHelper.java [createCacheExceptionHandler]:96) - No CacheExceptionHandlerFactory class specified. Skipping... 
2014-03-26 20:13:26,670 [main] DEBUG (MemoryStore.java [<init>]:153) - Initialized net.sf.ehcache.store.MemoryStore for xfTestConfigOneElementInMemory 
2014-03-26 20:13:26,707 [main] DEBUG (DiskStorageFactory.java [<init>]:165) - Matching data file missing (or empty) for index file. Deleting index file D:\work_on_OpenShift\exist3\exist\diy\tools\jetty\tmp\xfTestConfigOneElementInMemory.index 
2014-03-26 20:13:26,725 [main] DEBUG (Cache.java [initialise]:1165) - Initialised cache: xfTestConfigOneElementInMemory 
2014-03-26 20:13:26,725 [main] DEBUG (ConfigurationHelper.java [createCacheDecorators]:332) - CacheDecoratorFactory not configured. Skipping for 'xfTestConfigOneElementInMemory'. 
2014-03-26 20:13:26,725 [main] DEBUG (ConfigurationHelper.java [createDefaultCacheDecorators]:361) - CacheDecoratorFactory not configured for defaultCache. Skipping for 'xfTestConfigOneElementInMemory'. 
2014-03-26 20:13:26,731 [main] DEBUG (MemoryStore.java [<init>]:153) - Initialized net.sf.ehcache.store.NotifyingMemoryStore for xfFileCache 
2014-03-26 20:13:26,733 [main] DEBUG (Cache.java [initialise]:1165) - Initialised cache: xfFileCache 
2014-03-26 20:13:26,733 [main] DEBUG (ConfigurationHelper.java [createCacheDecorators]:332) - CacheDecoratorFactory not configured. Skipping for 'xfFileCache'. 
2014-03-26 20:13:26,733 [main] DEBUG (ConfigurationHelper.java [createDefaultCacheDecorators]:361) - CacheDecoratorFactory not configured for defaultCache. Skipping for 'xfFileCache'. 
2014-03-26 20:13:26,734 [main] DEBUG (MemoryStore.java [<init>]:153) - Initialized net.sf.ehcache.store.NotifyingMemoryStore for xfSessionCache 
2014-03-26 20:13:26,735 [main] DEBUG (Cache.java [initialise]:1165) - Initialised cache: xfSessionCache 
2014-03-26 20:13:26,735 [main] DEBUG (ConfigurationHelper.java [createCacheDecorators]:332) - CacheDecoratorFactory not configured. Skipping for 'xfSessionCache'. 
2014-03-26 20:13:26,735 [main] DEBUG (ConfigurationHelper.java [createDefaultCacheDecorators]:361) - CacheDecoratorFactory not configured for defaultCache. Skipping for 'xfSessionCache'. 
2014-03-26 20:13:27,572 [net.sf.ehcache.CacheManager@1161b25] DEBUG (UpdateChecker.java [doCheck]:68) - Checking for update... 
2014-03-26 20:13:29,825 [net.sf.ehcache.CacheManager@1161b25] INFO  (UpdateChecker.java [doCheck]:98) - New update(s) found: 2.6.5 [http://www.terracotta.org/confluence/display/release/Release+Notes+Ehcache+Core+2.6]. Please check http://ehcache.org for the latest version. 
2014-03-26 20:19:58,635 [main] DEBUG (ConfigurationFactory.java [parseConfiguration]:130) - Configuring ehcache from ehcache.xml found in the classpath: file:/D:/work_on_OpenShift/exist3/exist/diy/webapp/WEB-INF/classes/ehcache.xml 
2014-03-26 20:19:58,635 [main] DEBUG (ConfigurationFactory.java [parseConfiguration]:96) - Configuring ehcache from URL: file:/D:/work_on_OpenShift/exist3/exist/diy/webapp/WEB-INF/classes/ehcache.xml 
2014-03-26 20:19:58,636 [main] DEBUG (ConfigurationFactory.java [parseConfiguration]:148) - Configuring ehcache from InputStream 
2014-03-26 20:19:58,661 [main] DEBUG (DiskStoreConfiguration.java [translatePath]:141) - Disk Store Path: D:\work_on_OpenShift\exist3\exist\diy\tools\jetty/tmp 
2014-03-26 20:19:58,701 [main] WARN  (CacheConfiguration.java [isEternalValueConflictingWithTTIOrTTL]:808) - Cache 'xfTestConfigOneElementInMemory' is set to eternal but also has TTI/TTL set.  To avoid this warning, clean up the config removing conflicting values of eternal, TTI and TTL. Effective configuration for Cache 'xfTestConfigOneElementInMemory' will be eternal='true', timeToIdleSeconds='0', timeToLiveSeconds='0'. 
2014-03-26 20:19:58,706 [main] DEBUG (CacheManager.java [newInstance]:984) - Creating new CacheManager with default config 
2014-03-26 20:19:58,713 [main] DEBUG (PropertyUtil.java [parseProperties]:88) - propertiesString is null. 
2014-03-26 20:19:58,734 [main] DEBUG (ConfigurationHelper.java [createCacheManagerEventListener]:185) - No CacheManagerEventListenerFactory class specified. Skipping... 
2014-03-26 20:19:58,780 [main] DEBUG (Cache.java [createBootstrapCacheLoader]:968) - No BootstrapCacheLoaderFactory class specified. Skipping... 
2014-03-26 20:19:58,780 [main] DEBUG (Cache.java [createCacheWriter]:942) - CacheWriter factory not configured. Skipping... 
2014-03-26 20:19:58,781 [main] DEBUG (ConfigurationHelper.java [createCacheExceptionHandler]:96) - No CacheExceptionHandlerFactory class specified. Skipping... 
2014-03-26 20:19:58,784 [main] DEBUG (Cache.java [createBootstrapCacheLoader]:968) - No BootstrapCacheLoaderFactory class specified. Skipping... 
2014-03-26 20:19:58,785 [main] DEBUG (Cache.java [createCacheWriter]:942) - CacheWriter factory not configured. Skipping... 
2014-03-26 20:19:58,785 [main] DEBUG (ConfigurationHelper.java [createCacheExceptionHandler]:96) - No CacheExceptionHandlerFactory class specified. Skipping... 
2014-03-26 20:19:58,785 [main] DEBUG (Cache.java [createBootstrapCacheLoader]:968) - No BootstrapCacheLoaderFactory class specified. Skipping... 
2014-03-26 20:19:58,785 [main] DEBUG (Cache.java [createCacheWriter]:942) - CacheWriter factory not configured. Skipping... 
2014-03-26 20:19:58,785 [main] DEBUG (ConfigurationHelper.java [createCacheExceptionHandler]:96) - No CacheExceptionHandlerFactory class specified. Skipping... 
2014-03-26 20:19:58,786 [main] DEBUG (Cache.java [createBootstrapCacheLoader]:968) - No BootstrapCacheLoaderFactory class specified. Skipping... 
2014-03-26 20:19:58,786 [main] DEBUG (Cache.java [createCacheWriter]:942) - CacheWriter factory not configured. Skipping... 
2014-03-26 20:19:58,786 [main] DEBUG (ConfigurationHelper.java [createCacheExceptionHandler]:96) - No CacheExceptionHandlerFactory class specified. Skipping... 
2014-03-26 20:19:58,832 [main] DEBUG (MemoryStore.java [<init>]:153) - Initialized net.sf.ehcache.store.NotifyingMemoryStore for xfFileCache 
2014-03-26 20:19:58,839 [main] DEBUG (Cache.java [initialise]:1165) - Initialised cache: xfFileCache 
2014-03-26 20:19:58,840 [main] DEBUG (ConfigurationHelper.java [createCacheDecorators]:332) - CacheDecoratorFactory not configured. Skipping for 'xfFileCache'. 
2014-03-26 20:19:58,840 [main] DEBUG (ConfigurationHelper.java [createDefaultCacheDecorators]:361) - CacheDecoratorFactory not configured for defaultCache. Skipping for 'xfFileCache'. 
2014-03-26 20:19:58,842 [main] DEBUG (MemoryStore.java [<init>]:153) - Initialized net.sf.ehcache.store.MemoryStore for xfTestConfigOneElementInMemory 
2014-03-26 20:19:58,868 [main] DEBUG (DiskStorageFactory.java [<init>]:165) - Matching data file missing (or empty) for index file. Deleting index file D:\work_on_OpenShift\exist3\exist\diy\tools\jetty\tmp\xfTestConfigOneElementInMemory.index 
2014-03-26 20:19:58,869 [main] DEBUG (DiskStorageFactory.java [deleteFile]:870) - Failed to delete file xfTestConfigOneElementInMemory.index 
2014-03-26 20:19:58,882 [main] DEBUG (Cache.java [initialise]:1165) - Initialised cache: xfTestConfigOneElementInMemory 
2014-03-26 20:19:58,883 [main] DEBUG (ConfigurationHelper.java [createCacheDecorators]:332) - CacheDecoratorFactory not configured. Skipping for 'xfTestConfigOneElementInMemory'. 
2014-03-26 20:19:58,883 [main] DEBUG (ConfigurationHelper.java [createDefaultCacheDecorators]:361) - CacheDecoratorFactory not configured for defaultCache. Skipping for 'xfTestConfigOneElementInMemory'. 
2014-03-26 20:19:58,884 [main] DEBUG (MemoryStore.java [<init>]:153) - Initialized net.sf.ehcache.store.NotifyingMemoryStore for xfSessionCache 
2014-03-26 20:19:58,884 [main] DEBUG (Cache.java [initialise]:1165) - Initialised cache: xfSessionCache 
2014-03-26 20:19:58,884 [main] DEBUG (ConfigurationHelper.java [createCacheDecorators]:332) - CacheDecoratorFactory not configured. Skipping for 'xfSessionCache'. 
2014-03-26 20:19:58,885 [main] DEBUG (ConfigurationHelper.java [createDefaultCacheDecorators]:361) - CacheDecoratorFactory not configured for defaultCache. Skipping for 'xfSessionCache'. 
2014-03-26 20:19:59,786 [net.sf.ehcache.CacheManager@1b85e58] DEBUG (UpdateChecker.java [doCheck]:68) - Checking for update... 
2014-03-26 20:20:03,812 [net.sf.ehcache.CacheManager@1b85e58] DEBUG (UpdateChecker.java [checkForUpdate]:63) - Update check failed: java.net.SocketTimeoutException: connect timed out 
2014-03-26 20:38:33,894 [main] DEBUG (ConfigurationFactory.java [parseConfiguration]:130) - Configuring ehcache from ehcache.xml found in the classpath: file:/D:/work_on_OpenShift/exist3/exist/diy/webapp/WEB-INF/classes/ehcache.xml 
2014-03-26 20:38:33,900 [main] DEBUG (ConfigurationFactory.java [parseConfiguration]:96) - Configuring ehcache from URL: file:/D:/work_on_OpenShift/exist3/exist/diy/webapp/WEB-INF/classes/ehcache.xml 
2014-03-26 20:38:33,904 [main] DEBUG (ConfigurationFactory.java [parseConfiguration]:148) - Configuring ehcache from InputStream 
2014-03-26 20:38:33,947 [main] DEBUG (DiskStoreConfiguration.java [translatePath]:141) - Disk Store Path: D:\work_on_OpenShift\exist3\exist\diy\tools\jetty/tmp 
2014-03-26 20:38:33,973 [main] WARN  (CacheConfiguration.java [isEternalValueConflictingWithTTIOrTTL]:808) - Cache 'xfTestConfigOneElementInMemory' is set to eternal but also has TTI/TTL set.  To avoid this warning, clean up the config removing conflicting values of eternal, TTI and TTL. Effective configuration for Cache 'xfTestConfigOneElementInMemory' will be eternal='true', timeToIdleSeconds='0', timeToLiveSeconds='0'. 
2014-03-26 20:38:33,978 [main] DEBUG (CacheManager.java [newInstance]:984) - Creating new CacheManager with default config 
2014-03-26 20:38:33,984 [main] DEBUG (PropertyUtil.java [parseProperties]:88) - propertiesString is null. 
2014-03-26 20:38:34,011 [main] DEBUG (ConfigurationHelper.java [createCacheManagerEventListener]:185) - No CacheManagerEventListenerFactory class specified. Skipping... 
2014-03-26 20:38:34,066 [main] DEBUG (Cache.java [createBootstrapCacheLoader]:968) - No BootstrapCacheLoaderFactory class specified. Skipping... 
2014-03-26 20:38:34,066 [main] DEBUG (Cache.java [createCacheWriter]:942) - CacheWriter factory not configured. Skipping... 
2014-03-26 20:38:34,067 [main] DEBUG (ConfigurationHelper.java [createCacheExceptionHandler]:96) - No CacheExceptionHandlerFactory class specified. Skipping... 
2014-03-26 20:38:34,074 [main] DEBUG (Cache.java [createBootstrapCacheLoader]:968) - No BootstrapCacheLoaderFactory class specified. Skipping... 
2014-03-26 20:38:34,074 [main] DEBUG (Cache.java [createCacheWriter]:942) - CacheWriter factory not configured. Skipping... 
2014-03-26 20:38:34,074 [main] DEBUG (ConfigurationHelper.java [createCacheExceptionHandler]:96) - No CacheExceptionHandlerFactory class specified. Skipping... 
2014-03-26 20:38:34,074 [main] DEBUG (Cache.java [createBootstrapCacheLoader]:968) - No BootstrapCacheLoaderFactory class specified. Skipping... 
2014-03-26 20:38:34,075 [main] DEBUG (Cache.java [createCacheWriter]:942) - CacheWriter factory not configured. Skipping... 
2014-03-26 20:38:34,076 [main] DEBUG (ConfigurationHelper.java [createCacheExceptionHandler]:96) - No CacheExceptionHandlerFactory class specified. Skipping... 
2014-03-26 20:38:34,076 [main] DEBUG (Cache.java [createBootstrapCacheLoader]:968) - No BootstrapCacheLoaderFactory class specified. Skipping... 
2014-03-26 20:38:34,076 [main] DEBUG (Cache.java [createCacheWriter]:942) - CacheWriter factory not configured. Skipping... 
2014-03-26 20:38:34,076 [main] DEBUG (ConfigurationHelper.java [createCacheExceptionHandler]:96) - No CacheExceptionHandlerFactory class specified. Skipping... 
2014-03-26 20:38:34,134 [main] DEBUG (MemoryStore.java [<init>]:153) - Initialized net.sf.ehcache.store.MemoryStore for xfTestConfigOneElementInMemory 
2014-03-26 20:38:34,164 [main] DEBUG (DiskStorageFactory.java [<init>]:165) - Matching data file missing (or empty) for index file. Deleting index file D:\work_on_OpenShift\exist3\exist\diy\tools\jetty\tmp\xfTestConfigOneElementInMemory.index 
2014-03-26 20:38:34,166 [main] DEBUG (DiskStorageFactory.java [deleteFile]:870) - Failed to delete file xfTestConfigOneElementInMemory.index 
2014-03-26 20:38:34,187 [main] DEBUG (Cache.java [initialise]:1165) - Initialised cache: xfTestConfigOneElementInMemory 
2014-03-26 20:38:34,187 [main] DEBUG (ConfigurationHelper.java [createCacheDecorators]:332) - CacheDecoratorFactory not configured. Skipping for 'xfTestConfigOneElementInMemory'. 
2014-03-26 20:38:34,187 [main] DEBUG (ConfigurationHelper.java [createDefaultCacheDecorators]:361) - CacheDecoratorFactory not configured for defaultCache. Skipping for 'xfTestConfigOneElementInMemory'. 
2014-03-26 20:38:34,192 [main] DEBUG (MemoryStore.java [<init>]:153) - Initialized net.sf.ehcache.store.NotifyingMemoryStore for xfSessionCache 
2014-03-26 20:38:34,194 [main] DEBUG (Cache.java [initialise]:1165) - Initialised cache: xfSessionCache 
2014-03-26 20:38:34,194 [main] DEBUG (ConfigurationHelper.java [createCacheDecorators]:332) - CacheDecoratorFactory not configured. Skipping for 'xfSessionCache'. 
2014-03-26 20:38:34,195 [main] DEBUG (ConfigurationHelper.java [createDefaultCacheDecorators]:361) - CacheDecoratorFactory not configured for defaultCache. Skipping for 'xfSessionCache'. 
2014-03-26 20:38:34,196 [main] DEBUG (MemoryStore.java [<init>]:153) - Initialized net.sf.ehcache.store.NotifyingMemoryStore for xfFileCache 
2014-03-26 20:38:34,199 [main] DEBUG (Cache.java [initialise]:1165) - Initialised cache: xfFileCache 
2014-03-26 20:38:34,199 [main] DEBUG (ConfigurationHelper.java [createCacheDecorators]:332) - CacheDecoratorFactory not configured. Skipping for 'xfFileCache'. 
2014-03-26 20:38:34,199 [main] DEBUG (ConfigurationHelper.java [createDefaultCacheDecorators]:361) - CacheDecoratorFactory not configured for defaultCache. Skipping for 'xfFileCache'. 
2014-03-26 20:38:35,076 [net.sf.ehcache.CacheManager@1f6d3a7] DEBUG (UpdateChecker.java [doCheck]:68) - Checking for update... 
2014-03-26 20:38:38,201 [net.sf.ehcache.CacheManager@1f6d3a7] INFO  (UpdateChecker.java [doCheck]:98) - New update(s) found: 2.6.5 [http://www.terracotta.org/confluence/display/release/Release+Notes+Ehcache+Core+2.6]. Please check http://ehcache.org for the latest version. 
2014-03-26 21:34:46,854 [main] DEBUG (ConfigurationFactory.java [parseConfiguration]:130) - Configuring ehcache from ehcache.xml found in the classpath: file:/D:/work_on_OpenShift/exist3/exist/diy/webapp/WEB-INF/classes/ehcache.xml 
2014-03-26 21:34:46,855 [main] DEBUG (ConfigurationFactory.java [parseConfiguration]:96) - Configuring ehcache from URL: file:/D:/work_on_OpenShift/exist3/exist/diy/webapp/WEB-INF/classes/ehcache.xml 
2014-03-26 21:34:46,879 [main] DEBUG (ConfigurationFactory.java [parseConfiguration]:148) - Configuring ehcache from InputStream 
2014-03-26 21:34:46,937 [main] DEBUG (DiskStoreConfiguration.java [translatePath]:141) - Disk Store Path: D:\work_on_OpenShift\exist3\exist\diy\tools\jetty/tmp 
2014-03-26 21:34:46,990 [main] WARN  (CacheConfiguration.java [isEternalValueConflictingWithTTIOrTTL]:808) - Cache 'xfTestConfigOneElementInMemory' is set to eternal but also has TTI/TTL set.  To avoid this warning, clean up the config removing conflicting values of eternal, TTI and TTL. Effective configuration for Cache 'xfTestConfigOneElementInMemory' will be eternal='true', timeToIdleSeconds='0', timeToLiveSeconds='0'. 
2014-03-26 21:34:46,999 [main] DEBUG (CacheManager.java [newInstance]:984) - Creating new CacheManager with default config 
2014-03-26 21:34:47,028 [main] DEBUG (PropertyUtil.java [parseProperties]:88) - propertiesString is null. 
2014-03-26 21:34:47,137 [main] DEBUG (ConfigurationHelper.java [createCacheManagerEventListener]:185) - No CacheManagerEventListenerFactory class specified. Skipping... 
2014-03-26 21:34:47,245 [main] DEBUG (Cache.java [createBootstrapCacheLoader]:968) - No BootstrapCacheLoaderFactory class specified. Skipping... 
2014-03-26 21:34:47,246 [main] DEBUG (Cache.java [createCacheWriter]:942) - CacheWriter factory not configured. Skipping... 
2014-03-26 21:34:47,248 [main] DEBUG (ConfigurationHelper.java [createCacheExceptionHandler]:96) - No CacheExceptionHandlerFactory class specified. Skipping... 
2014-03-26 21:34:47,255 [main] DEBUG (Cache.java [createBootstrapCacheLoader]:968) - No BootstrapCacheLoaderFactory class specified. Skipping... 
2014-03-26 21:34:47,255 [main] DEBUG (Cache.java [createCacheWriter]:942) - CacheWriter factory not configured. Skipping... 
2014-03-26 21:34:47,256 [main] DEBUG (ConfigurationHelper.java [createCacheExceptionHandler]:96) - No CacheExceptionHandlerFactory class specified. Skipping... 
2014-03-26 21:34:47,256 [main] DEBUG (Cache.java [createBootstrapCacheLoader]:968) - No BootstrapCacheLoaderFactory class specified. Skipping... 
2014-03-26 21:34:47,257 [main] DEBUG (Cache.java [createCacheWriter]:942) - CacheWriter factory not configured. Skipping... 
2014-03-26 21:34:47,257 [main] DEBUG (ConfigurationHelper.java [createCacheExceptionHandler]:96) - No CacheExceptionHandlerFactory class specified. Skipping... 
2014-03-26 21:34:47,257 [main] DEBUG (Cache.java [createBootstrapCacheLoader]:968) - No BootstrapCacheLoaderFactory class specified. Skipping... 
2014-03-26 21:34:47,258 [main] DEBUG (Cache.java [createCacheWriter]:942) - CacheWriter factory not configured. Skipping... 
2014-03-26 21:34:47,258 [main] DEBUG (ConfigurationHelper.java [createCacheExceptionHandler]:96) - No CacheExceptionHandlerFactory class specified. Skipping... 
2014-03-26 21:34:47,372 [main] DEBUG (MemoryStore.java [<init>]:153) - Initialized net.sf.ehcache.store.MemoryStore for xfTestConfigOneElementInMemory 
2014-03-26 21:34:47,442 [main] DEBUG (DiskStorageFactory.java [<init>]:165) - Matching data file missing (or empty) for index file. Deleting index file D:\work_on_OpenShift\exist3\exist\diy\tools\jetty\tmp\xfTestConfigOneElementInMemory.index 
2014-03-26 21:34:47,443 [main] DEBUG (DiskStorageFactory.java [deleteFile]:870) - Failed to delete file xfTestConfigOneElementInMemory.index 
2014-03-26 21:34:47,494 [main] DEBUG (Cache.java [initialise]:1165) - Initialised cache: xfTestConfigOneElementInMemory 
2014-03-26 21:34:47,495 [main] DEBUG (ConfigurationHelper.java [createCacheDecorators]:332) - CacheDecoratorFactory not configured. Skipping for 'xfTestConfigOneElementInMemory'. 
2014-03-26 21:34:47,496 [main] DEBUG (ConfigurationHelper.java [createDefaultCacheDecorators]:361) - CacheDecoratorFactory not configured for defaultCache. Skipping for 'xfTestConfigOneElementInMemory'. 
2014-03-26 21:34:47,510 [main] DEBUG (MemoryStore.java [<init>]:153) - Initialized net.sf.ehcache.store.NotifyingMemoryStore for xfSessionCache 
2014-03-26 21:34:47,514 [main] DEBUG (Cache.java [initialise]:1165) - Initialised cache: xfSessionCache 
2014-03-26 21:34:47,514 [main] DEBUG (ConfigurationHelper.java [createCacheDecorators]:332) - CacheDecoratorFactory not configured. Skipping for 'xfSessionCache'. 
2014-03-26 21:34:47,515 [main] DEBUG (ConfigurationHelper.java [createDefaultCacheDecorators]:361) - CacheDecoratorFactory not configured for defaultCache. Skipping for 'xfSessionCache'. 
2014-03-26 21:34:47,516 [main] DEBUG (MemoryStore.java [<init>]:153) - Initialized net.sf.ehcache.store.NotifyingMemoryStore for xfFileCache 
2014-03-26 21:34:47,517 [main] DEBUG (Cache.java [initialise]:1165) - Initialised cache: xfFileCache 
2014-03-26 21:34:47,518 [main] DEBUG (ConfigurationHelper.java [createCacheDecorators]:332) - CacheDecoratorFactory not configured. Skipping for 'xfFileCache'. 
2014-03-26 21:34:47,518 [main] DEBUG (ConfigurationHelper.java [createDefaultCacheDecorators]:361) - CacheDecoratorFactory not configured for defaultCache. Skipping for 'xfFileCache'. 
2014-03-26 21:34:48,253 [net.sf.ehcache.CacheManager@7d7e86] DEBUG (UpdateChecker.java [doCheck]:68) - Checking for update... 
2014-03-26 21:34:51,606 [net.sf.ehcache.CacheManager@7d7e86] INFO  (UpdateChecker.java [doCheck]:98) - New update(s) found: 2.6.5 [http://www.terracotta.org/confluence/display/release/Release+Notes+Ehcache+Core+2.6]. Please check http://ehcache.org for the latest version. 
2014-03-26 21:38:44,516 [main] DEBUG (ConfigurationFactory.java [parseConfiguration]:130) - Configuring ehcache from ehcache.xml found in the classpath: file:/D:/work_on_OpenShift/exist3/exist/diy/webapp/WEB-INF/classes/ehcache.xml 
2014-03-26 21:38:44,516 [main] DEBUG (ConfigurationFactory.java [parseConfiguration]:96) - Configuring ehcache from URL: file:/D:/work_on_OpenShift/exist3/exist/diy/webapp/WEB-INF/classes/ehcache.xml 
2014-03-26 21:38:44,517 [main] DEBUG (ConfigurationFactory.java [parseConfiguration]:148) - Configuring ehcache from InputStream 
2014-03-26 21:38:44,572 [main] DEBUG (DiskStoreConfiguration.java [translatePath]:141) - Disk Store Path: D:\work_on_OpenShift\exist3\exist\diy\tools\jetty/tmp 
2014-03-26 21:38:44,606 [main] WARN  (CacheConfiguration.java [isEternalValueConflictingWithTTIOrTTL]:808) - Cache 'xfTestConfigOneElementInMemory' is set to eternal but also has TTI/TTL set.  To avoid this warning, clean up the config removing conflicting values of eternal, TTI and TTL. Effective configuration for Cache 'xfTestConfigOneElementInMemory' will be eternal='true', timeToIdleSeconds='0', timeToLiveSeconds='0'. 
2014-03-26 21:38:44,612 [main] DEBUG (CacheManager.java [newInstance]:984) - Creating new CacheManager with default config 
2014-03-26 21:38:44,621 [main] DEBUG (PropertyUtil.java [parseProperties]:88) - propertiesString is null. 
2014-03-26 21:38:44,648 [main] DEBUG (ConfigurationHelper.java [createCacheManagerEventListener]:185) - No CacheManagerEventListenerFactory class specified. Skipping... 
2014-03-26 21:38:44,710 [main] DEBUG (Cache.java [createBootstrapCacheLoader]:968) - No BootstrapCacheLoaderFactory class specified. Skipping... 
2014-03-26 21:38:44,710 [main] DEBUG (Cache.java [createCacheWriter]:942) - CacheWriter factory not configured. Skipping... 
2014-03-26 21:38:44,712 [main] DEBUG (ConfigurationHelper.java [createCacheExceptionHandler]:96) - No CacheExceptionHandlerFactory class specified. Skipping... 
2014-03-26 21:38:44,717 [main] DEBUG (Cache.java [createBootstrapCacheLoader]:968) - No BootstrapCacheLoaderFactory class specified. Skipping... 
2014-03-26 21:38:44,717 [main] DEBUG (Cache.java [createCacheWriter]:942) - CacheWriter factory not configured. Skipping... 
2014-03-26 21:38:44,718 [main] DEBUG (ConfigurationHelper.java [createCacheExceptionHandler]:96) - No CacheExceptionHandlerFactory class specified. Skipping... 
2014-03-26 21:38:44,718 [main] DEBUG (Cache.java [createBootstrapCacheLoader]:968) - No BootstrapCacheLoaderFactory class specified. Skipping... 
2014-03-26 21:38:44,718 [main] DEBUG (Cache.java [createCacheWriter]:942) - CacheWriter factory not configured. Skipping... 
2014-03-26 21:38:44,718 [main] DEBUG (ConfigurationHelper.java [createCacheExceptionHandler]:96) - No CacheExceptionHandlerFactory class specified. Skipping... 
2014-03-26 21:38:44,719 [main] DEBUG (Cache.java [createBootstrapCacheLoader]:968) - No BootstrapCacheLoaderFactory class specified. Skipping... 
2014-03-26 21:38:44,719 [main] DEBUG (Cache.java [createCacheWriter]:942) - CacheWriter factory not configured. Skipping... 
2014-03-26 21:38:44,719 [main] DEBUG (ConfigurationHelper.java [createCacheExceptionHandler]:96) - No CacheExceptionHandlerFactory class specified. Skipping... 
2014-03-26 21:38:44,807 [main] DEBUG (MemoryStore.java [<init>]:153) - Initialized net.sf.ehcache.store.NotifyingMemoryStore for xfSessionCache 
2014-03-26 21:38:44,822 [main] DEBUG (Cache.java [initialise]:1165) - Initialised cache: xfSessionCache 
2014-03-26 21:38:44,823 [main] DEBUG (ConfigurationHelper.java [createCacheDecorators]:332) - CacheDecoratorFactory not configured. Skipping for 'xfSessionCache'. 
2014-03-26 21:38:44,823 [main] DEBUG (ConfigurationHelper.java [createDefaultCacheDecorators]:361) - CacheDecoratorFactory not configured for defaultCache. Skipping for 'xfSessionCache'. 
2014-03-26 21:38:44,825 [main] DEBUG (MemoryStore.java [<init>]:153) - Initialized net.sf.ehcache.store.NotifyingMemoryStore for xfFileCache 
2014-03-26 21:38:44,826 [main] DEBUG (Cache.java [initialise]:1165) - Initialised cache: xfFileCache 
2014-03-26 21:38:44,826 [main] DEBUG (ConfigurationHelper.java [createCacheDecorators]:332) - CacheDecoratorFactory not configured. Skipping for 'xfFileCache'. 
2014-03-26 21:38:44,827 [main] DEBUG (ConfigurationHelper.java [createDefaultCacheDecorators]:361) - CacheDecoratorFactory not configured for defaultCache. Skipping for 'xfFileCache'. 
2014-03-26 21:38:44,830 [main] DEBUG (MemoryStore.java [<init>]:153) - Initialized net.sf.ehcache.store.MemoryStore for xfTestConfigOneElementInMemory 
2014-03-26 21:38:44,881 [main] DEBUG (DiskStorageFactory.java [<init>]:165) - Matching data file missing (or empty) for index file. Deleting index file D:\work_on_OpenShift\exist3\exist\diy\tools\jetty\tmp\xfTestConfigOneElementInMemory.index 
2014-03-26 21:38:44,882 [main] DEBUG (DiskStorageFactory.java [deleteFile]:870) - Failed to delete file xfTestConfigOneElementInMemory.index 
2014-03-26 21:38:44,900 [main] DEBUG (Cache.java [initialise]:1165) - Initialised cache: xfTestConfigOneElementInMemory 
2014-03-26 21:38:44,900 [main] DEBUG (ConfigurationHelper.java [createCacheDecorators]:332) - CacheDecoratorFactory not configured. Skipping for 'xfTestConfigOneElementInMemory'. 
2014-03-26 21:38:44,901 [main] DEBUG (ConfigurationHelper.java [createDefaultCacheDecorators]:361) - CacheDecoratorFactory not configured for defaultCache. Skipping for 'xfTestConfigOneElementInMemory'. 
2014-03-26 21:38:45,715 [net.sf.ehcache.CacheManager@5b069c] DEBUG (UpdateChecker.java [doCheck]:68) - Checking for update... 
2014-03-26 21:38:46,638 [net.sf.ehcache.CacheManager@5b069c] INFO  (UpdateChecker.java [doCheck]:98) - New update(s) found: 2.6.5 [http://www.terracotta.org/confluence/display/release/Release+Notes+Ehcache+Core+2.6]. Please check http://ehcache.org for the latest version. 
2014-03-26 21:39:28,763 [jetty shutdown schedule] DEBUG (CacheManager.java [create]:742) - Attempting to create an existing singleton. Existing singleton returned. 
