0:0:0:0:0:0:0:1 -  -  [25/Mar/2014:23:49:07 +0000] "GET / HTTP/1.1" 200 2535 
0:0:0:0:0:0:0:1 -  -  [25/Mar/2014:23:49:08 +0000] "GET /resources/jquery-1.7.1.min.js HTTP/1.1" 200 93868 
0:0:0:0:0:0:0:1 -  -  [25/Mar/2014:23:49:08 +0000] "GET /resources/exist_icon_16x16.ico HTTP/1.1" 200 1150 
0:0:0:0:0:0:0:1 -  -  [25/Mar/2014:23:49:08 +0000] "GET /resources/logo.jpg HTTP/1.1" 200 18792 
0:0:0:0:0:0:0:1 -  -  [25/Mar/2014:23:49:08 +0000] "GET /resources/exist_icon_16x16.png HTTP/1.1" 200 778 
0:0:0:0:0:0:0:1 -  -  [25/Mar/2014:23:49:10 +0000] "GET /exist HTTP/1.1" 302 0 
0:0:0:0:0:0:0:1 -  -  [25/Mar/2014:23:49:10 +0000] "GET /exist/ HTTP/1.1" 302 0 
0:0:0:0:0:0:0:1 -  -  [25/Mar/2014:23:49:10 +0000] "GET /exist/apps/dashboard/ HTTP/1.1" 302 0 
0:0:0:0:0:0:0:1 -  -  [25/Mar/2014:23:49:11 +0000] "GET /exist/apps/dashboard/index.html HTTP/1.1" 200 4878 
0:0:0:0:0:0:0:1 -  -  [25/Mar/2014:23:49:11 +0000] "GET /exist/apps/bfResources/scripts/dojox/grid/resources/nihiloGrid.css HTTP/1.1" 200 11741 
0:0:0:0:0:0:0:1 -  -  [25/Mar/2014:23:49:11 +0000] "GET /exist/apps/bfResources/scripts/dojox/form/resources/UploaderFileList.css HTTP/1.1" 200 742 
0:0:0:0:0:0:0:1 -  -  [25/Mar/2014:23:49:11 +0000] "GET /exist/apps/dashboard/_shared/resources/scripts/jquery/jquery-1.7.1.min.js HTTP/1.1" 200 93868 
0:0:0:0:0:0:0:1 -  -  [25/Mar/2014:23:49:12 +0000] "GET /exist/apps/dashboard/resources/scripts/dashboard-1.7.js HTTP/1.1" 200 20176 
0:0:0:0:0:0:0:1 -  -  [25/Mar/2014:23:49:11 +0000] "GET /exist/apps/bfResources/scripts/dijit/themes/nihilo/nihilo.css HTTP/1.1" 200 77349 
0:0:0:0:0:0:0:1 -  -  [25/Mar/2014:23:49:12 +0000] "GET /exist/apps/dashboard/resources/css/global.css HTTP/1.1" 200 7837 
0:0:0:0:0:0:0:1 -  -  [25/Mar/2014:23:49:12 +0000] "GET /exist/apps/bfResources/scripts/dojo/dojo.js HTTP/1.1" 200 135764 
0:0:0:0:0:0:0:1 -  -  [25/Mar/2014:23:49:11 +0000] "GET /exist/apps/dashboard/resources/scripts/jquery.fileupload.js HTTP/1.1" 200 48790 
0:0:0:0:0:0:0:1 -  -  [25/Mar/2014:23:49:11 +0000] "GET /exist/apps/dashboard/resources/scripts/jquery.ui.widget.js HTTP/1.1" 200 15201 
0:0:0:0:0:0:0:1 -  -  [25/Mar/2014:23:49:12 +0000] "GET /exist/apps/dashboard/resources/images/favicon.ico HTTP/1.1" 404 1528 
0:0:0:0:0:0:0:1 -  -  [25/Mar/2014:23:49:12 +0000] "GET /exist/apps/dashboard/resources/images/close_exit.png HTTP/1.1" 200 3394 
0:0:0:0:0:0:0:1 -  -  [25/Mar/2014:23:49:12 +0000] "GET /exist/apps/dashboard/resources/css/fonts.css HTTP/1.1" 200 417 
0:0:0:0:0:0:0:1 -  -  [25/Mar/2014:23:49:12 +0000] "GET /exist/apps/dashboard/resources/images/config-gear.png HTTP/1.1" 200 1008 
0:0:0:0:0:0:0:1 -  -  [25/Mar/2014:23:49:12 +0000] "GET /exist/apps/bfResources/scripts/dijit/registry.js HTTP/1.1" 200 1268 
0:0:0:0:0:0:0:1 -  -  [25/Mar/2014:23:49:12 +0000] "GET /exist/apps/bfResources/scripts/dijit/form/Form.js HTTP/1.1" 200 1534 
0:0:0:0:0:0:0:1 -  -  [25/Mar/2014:23:49:12 +0000] "GET /exist/apps/bfResources/scripts/dijit/form/ValidationTextBox.js HTTP/1.1" 200 4173 
0:0:0:0:0:0:0:1 -  -  [25/Mar/2014:23:49:12 +0000] "GET /exist/apps/bfResources/scripts/dojox/fx/flip.js HTTP/1.1" 200 6146 
0:0:0:0:0:0:0:1 -  -  [25/Mar/2014:23:49:12 +0000] "GET /exist/apps/bfResources/scripts/dijit/Dialog.js HTTP/1.1" 200 7570 
0:0:0:0:0:0:0:1 -  -  [25/Mar/2014:23:49:12 +0000] "GET /exist/apps/bfResources/scripts/dijit/TooltipDialog.js HTTP/1.1" 200 1899 
0:0:0:0:0:0:0:1 -  -  [25/Mar/2014:23:49:12 +0000] "GET /exist/apps/bfResources/scripts/dojo/dnd/Source.js HTTP/1.1" 200 5874 
0:0:0:0:0:0:0:1 -  -  [25/Mar/2014:23:49:12 +0000] "GET /exist/apps/bfResources/scripts/dijit/popup.js HTTP/1.1" 200 2676 
0:0:0:0:0:0:0:1 -  -  [25/Mar/2014:23:49:12 +0000] "GET /exist/apps/bfResources/scripts/dojo/NodeList-manipulate.js HTTP/1.1" 200 3263 
0:0:0:0:0:0:0:1 -  -  [25/Mar/2014:23:49:12 +0000] "GET /exist/apps/bfResources/scripts/dijit/form/DropDownButton.js HTTP/1.1" 200 2077 
0:0:0:0:0:0:0:1 -  -  [25/Mar/2014:23:49:12 +0000] "GET /exist/apps/bfResources/scripts/dojo/NodeList-fx.js HTTP/1.1" 200 821 
0:0:0:0:0:0:0:1 -  -  [25/Mar/2014:23:49:12 +0000] "GET /exist/apps/dashboard/resources/images/existdb.png HTTP/1.1" 200 8280 
0:0:0:0:0:0:0:1 -  -  [25/Mar/2014:23:49:12 +0000] "GET /exist/apps/dashboard/resources/images/favicon.ico HTTP/1.1" 404 1528 
0:0:0:0:0:0:0:1 -  -  [25/Mar/2014:23:49:12 +0000] "GET /exist/apps/bfResources/scripts/dijit/_Widget.js HTTP/1.1" 200 2081 
0:0:0:0:0:0:0:1 -  -  [25/Mar/2014:23:49:13 +0000] "GET /exist/apps/bfResources/scripts/dojo/text.js HTTP/1.1" 200 1102 
0:0:0:0:0:0:0:1 -  -  [25/Mar/2014:23:49:13 +0000] "GET /exist/apps/bfResources/scripts/dijit/form/nls/validate.js HTTP/1.1" 200 622 
0:0:0:0:0:0:0:1 -  -  [25/Mar/2014:23:49:13 +0000] "GET /exist/apps/bfResources/scripts/dojox/fx/_base.js HTTP/1.1" 200 2618 
0:0:0:0:0:0:0:1 -  -  [25/Mar/2014:23:49:13 +0000] "GET /exist/apps/bfResources/scripts/dojo/window.js HTTP/1.1" 200 2184 
0:0:0:0:0:0:0:1 -  -  [25/Mar/2014:23:49:13 +0000] "GET /exist/apps/bfResources/scripts/dojo/dnd/Moveable.js HTTP/1.1" 200 1854 
0:0:0:0:0:0:0:1 -  -  [25/Mar/2014:23:49:13 +0000] "GET /exist/apps/bfResources/scripts/dojo/dnd/TimedMoveable.js HTTP/1.1" 200 613 
0:0:0:0:0:0:0:1 -  -  [25/Mar/2014:23:49:13 +0000] "GET /exist/apps/bfResources/scripts/dijit/focus.js HTTP/1.1" 200 3614 
0:0:0:0:0:0:0:1 -  -  [25/Mar/2014:23:49:13 +0000] "GET /exist/apps/bfResources/scripts/dijit/_base/manager.js HTTP/1.1" 200 284 
0:0:0:0:0:0:0:1 -  -  [25/Mar/2014:23:49:13 +0000] "GET /exist/apps/bfResources/scripts/dijit/_CssStateMixin.js HTTP/1.1" 200 2357 
0:0:0:0:0:0:0:1 -  -  [25/Mar/2014:23:49:13 +0000] "GET /exist/apps/bfResources/scripts/dijit/_DialogMixin.js HTTP/1.1" 200 468 
0:0:0:0:0:0:0:1 -  -  [25/Mar/2014:23:49:13 +0000] "GET /exist/apps/bfResources/scripts/dijit/form/TextBox.js HTTP/1.1" 200 3440 
0:0:0:0:0:0:0:1 -  -  [25/Mar/2014:23:49:13 +0000] "GET /exist/apps/bfResources/scripts/dijit/layout/ContentPane.js HTTP/1.1" 200 5772 
0:0:0:0:0:0:0:1 -  -  [25/Mar/2014:23:49:13 +0000] "GET /exist/apps/bfResources/scripts/dijit/main.js HTTP/1.1" 200 81 
0:0:0:0:0:0:0:1 -  -  [25/Mar/2014:23:49:13 +0000] "GET /exist/apps/bfResources/scripts/dijit/nls/common.js HTTP/1.1" 200 557 
0:0:0:0:0:0:0:1 -  -  [25/Mar/2014:23:49:13 +0000] "GET /exist/apps/bfResources/scripts/dojo/dnd/Selector.js HTTP/1.1" 200 4344 
0:0:0:0:0:0:0:1 -  -  [25/Mar/2014:23:49:13 +0000] "GET /exist/apps/bfResources/scripts/dojo/dnd/Manager.js HTTP/1.1" 200 2804 
0:0:0:0:0:0:0:1 -  -  [25/Mar/2014:23:49:13 +0000] "GET /exist/apps/bfResources/scripts/dijit/place.js HTTP/1.1" 200 2837 
0:0:0:0:0:0:0:1 -  -  [25/Mar/2014:23:49:13 +0000] "GET /exist/apps/bfResources/scripts/dijit/BackgroundIframe.js HTTP/1.1" 200 1345 
0:0:0:0:0:0:0:1 -  -  [25/Mar/2014:23:49:13 +0000] "GET /exist/apps/bfResources/scripts/dijit/form/Button.js HTTP/1.1" 200 2177 
0:0:0:0:0:0:0:1 -  -  [25/Mar/2014:23:49:13 +0000] "GET /exist/apps/bfResources/scripts/dijit/_Container.js HTTP/1.1" 200 905 
0:0:0:0:0:0:0:1 -  -  [25/Mar/2014:23:49:13 +0000] "GET /exist/apps/bfResources/scripts/dijit/_HasDropDown.js HTTP/1.1" 200 4925 
0:0:0:0:0:0:0:1 -  -  [25/Mar/2014:23:49:13 +0000] "GET /exist/apps/bfResources/scripts/dijit/DialogUnderlay.js HTTP/1.1" 200 1007 
0:0:0:0:0:0:0:1 -  -  [25/Mar/2014:23:49:13 +0000] "GET /exist/apps/bfResources/scripts/dijit/_OnDijitClickMixin.js HTTP/1.1" 200 995 
0:0:0:0:0:0:0:1 -  -  [25/Mar/2014:23:49:13 +0000] "GET /exist/apps/bfResources/scripts/dijit/_FocusMixin.js HTTP/1.1" 200 313 
0:0:0:0:0:0:0:1 -  -  [25/Mar/2014:23:49:13 +0000] "GET /exist/apps/bfResources/scripts/dojo/uacss.js HTTP/1.1" 200 756 
0:0:0:0:0:0:0:1 -  -  [25/Mar/2014:23:49:13 +0000] "GET /exist/apps/bfResources/scripts/dijit/hccss.js HTTP/1.1" 200 692 
0:0:0:0:0:0:0:1 -  -  [25/Mar/2014:23:49:13 +0000] "GET /exist/apps/bfResources/scripts/dojo/touch.js HTTP/1.1" 200 322 
0:0:0:0:0:0:0:1 -  -  [25/Mar/2014:23:49:13 +0000] "GET /exist/apps/bfResources/scripts/dojo/dnd/Mover.js HTTP/1.1" 200 1501 
0:0:0:0:0:0:0:1 -  -  [25/Mar/2014:23:49:13 +0000] "GET /exist/apps/bfResources/scripts/dojo/Stateful.js HTTP/1.1" 200 811 
0:0:0:0:0:0:0:1 -  -  [25/Mar/2014:23:49:13 +0000] "GET /exist/apps/bfResources/scripts/dijit/a11y.js HTTP/1.1" 200 1990 
0:0:0:0:0:0:0:1 -  -  [25/Mar/2014:23:49:13 +0000] "GET /exist/apps/bfResources/scripts/dijit/form/_FormValueWidget.js HTTP/1.1" 200 512 
0:0:0:0:0:0:0:1 -  -  [25/Mar/2014:23:49:13 +0000] "GET /exist/apps/bfResources/scripts/dijit/form/_TextBoxMixin.js HTTP/1.1" 200 3795 
0:0:0:0:0:0:0:1 -  -  [25/Mar/2014:23:49:13 +0000] "GET /exist/apps/bfResources/scripts/dojo/html.js HTTP/1.1" 200 2731 
0:0:0:0:0:0:0:1 -  -  [25/Mar/2014:23:49:13 +0000] "GET /exist/apps/bfResources/scripts/dijit/_WidgetBase.js HTTP/1.1" 200 6132 
0:0:0:0:0:0:0:1 -  -  [25/Mar/2014:23:49:13 +0000] "GET /exist/apps/bfResources/scripts/dojo/dnd/common.js HTTP/1.1" 200 440 
0:0:0:0:0:0:0:1 -  -  [25/Mar/2014:23:49:13 +0000] "GET /exist/apps/bfResources/scripts/dojo/dnd/autoscroll.js HTTP/1.1" 200 1499 
0:0:0:0:0:0:0:1 -  -  [25/Mar/2014:23:49:13 +0000] "GET /exist/apps/bfResources/scripts/dojo/dnd/Avatar.js HTTP/1.1" 200 1678 
0:0:0:0:0:0:0:1 -  -  [25/Mar/2014:23:49:13 +0000] "GET /exist/apps/bfResources/scripts/dijit/form/_FormWidget.js HTTP/1.1" 200 912 
0:0:0:0:0:0:0:1 -  -  [25/Mar/2014:23:49:13 +0000] "GET /exist/apps/bfResources/scripts/dijit/form/_ButtonMixin.js HTTP/1.1" 200 726 
0:0:0:0:0:0:0:1 -  -  [25/Mar/2014:23:49:13 +0000] "GET /exist/apps/bfResources/scripts/dojo/dnd/Container.js HTTP/1.1" 200 4412 
0:0:0:0:0:0:0:1 -  -  [25/Mar/2014:23:49:13 +0000] "GET /exist/apps/bfResources/scripts/dijit/_TemplatedMixin.js HTTP/1.1" 200 2758 
0:0:0:0:0:0:0:1 -  -  [25/Mar/2014:23:49:13 +0000] "GET /exist/apps/bfResources/scripts/dijit/form/_FormMixin.js HTTP/1.1" 200 3380 
0:0:0:0:0:0:0:1 -  -  [25/Mar/2014:23:49:13 +0000] "GET /exist/apps/bfResources/scripts/dijit/Tooltip.js HTTP/1.1" 200 5963 
0:0:0:0:0:0:0:1 -  -  [25/Mar/2014:23:49:13 +0000] "GET /exist/apps/bfResources/scripts/dijit/nls/loading.js HTTP/1.1" 200 544 
0:0:0:0:0:0:0:1 -  -  [25/Mar/2014:23:49:13 +0000] "GET /exist/apps/bfResources/scripts/dijit/layout/_ContentPaneResizeMixin.js HTTP/1.1" 200 2529 
0:0:0:0:0:0:0:1 -  -  [25/Mar/2014:23:49:13 +0000] "GET /exist/apps/bfResources/scripts/dijit/form/_FormWidgetMixin.js HTTP/1.1" 200 2567 
0:0:0:0:0:0:0:1 -  -  [25/Mar/2014:23:49:13 +0000] "GET /exist/apps/bfResources/scripts/dojo/cache.js HTTP/1.1" 200 87 
0:0:0:0:0:0:0:1 -  -  [25/Mar/2014:23:49:13 +0000] "GET /exist/apps/bfResources/scripts/dijit/form/_FormValueMixin.js HTTP/1.1" 200 1094 
0:0:0:0:0:0:0:1 -  -  [25/Mar/2014:23:49:13 +0000] "GET /exist/apps/bfResources/scripts/dijit/layout/utils.js HTTP/1.1" 200 1418 
0:0:0:0:0:0:0:1 -  -  [25/Mar/2014:23:49:13 +0000] "GET /exist/apps/bfResources/scripts/dijit/_Contained.js HTTP/1.1" 200 478 
0:0:0:0:0:0:0:1 -  -  [25/Mar/2014:23:49:13 +0000] "GET /exist/apps/bfResources/scripts/dojo/resources/blank.gif HTTP/1.1" 200 43 
0:0:0:0:0:0:0:1 -  -  [25/Mar/2014:23:49:13 +0000] "GET /exist/apps/bfResources/scripts/dijit/themes/nihilo/images/spriteArrows.png HTTP/1.1" 200 720 
0:0:0:0:0:0:0:1 -  -  [25/Mar/2014:23:49:13 +0000] "GET /exist/apps/dashboard/plugins/packageManager/packages/?plugins=true&format=all&type=local HTTP/1.1" 200 3608 
0:0:0:0:0:0:0:1 -  -  [25/Mar/2014:23:49:14 +0000] "GET /exist/apps/dashboard/resources/images/Java-icon.png HTTP/1.1" 200 16004 
0:0:0:0:0:0:0:1 -  -  [25/Mar/2014:23:49:14 +0000] "GET /exist/apps/dashboard/plugins/backup/images/icon.png HTTP/1.1" 200 2419 
0:0:0:0:0:0:0:1 -  -  [25/Mar/2014:23:49:14 +0000] "GET /exist/apps/dashboard/resources/images/package.png HTTP/1.1" 200 69076 
0:0:0:0:0:0:0:1 -  -  [25/Mar/2014:23:49:14 +0000] "GET /exist/apps/dashboard/plugins/shutdown/icon.png HTTP/1.1" 200 6475 
0:0:0:0:0:0:0:1 -  -  [25/Mar/2014:23:49:14 +0000] "GET /exist/apps/dashboard/modules/get-icon.xql?package=http://exist-db.org/apps/eXide HTTP/1.1" 200 5486 
0:0:0:0:0:0:0:1 -  -  [25/Mar/2014:23:49:14 +0000] "GET /exist/apps/dashboard/plugins/packageManager/images/packages-128.png HTTP/1.1" 200 8763 
0:0:0:0:0:0:0:1 -  -  [25/Mar/2014:23:49:14 +0000] "GET /exist/apps/dashboard/plugins/userManager/icon.png HTTP/1.1" 200 4681 
0:0:0:0:0:0:0:1 -  -  [25/Mar/2014:23:49:14 +0000] "GET /exist/apps/dashboard/plugins/browsing/images/icon.png HTTP/1.1" 200 9171 
0:0:0:0:0:0:0:1 -  -  [25/Mar/2014:23:49:22 +0000] "GET /exist/apps/bfResources/scripts/dijit/themes/nihilo/images/validationInputBg.png HTTP/1.1" 200 126 
0:0:0:0:0:0:0:1 -  -  [25/Mar/2014:23:49:22 +0000] "GET /exist/apps/bfResources/scripts/dijit/themes/nihilo/images/buttonEnabled.png HTTP/1.1" 200 135 
0:0:0:0:0:0:0:1 -  -  [25/Mar/2014:23:49:22 +0000] "GET /exist/apps/bfResources/scripts/dijit/themes/nihilo/images/tooltipConnectorUp.png HTTP/1.1" 200 319 
0:0:0:0:0:0:0:1 -  -  [25/Mar/2014:23:55:08 +0000] "POST /exist/apps/dashboard/login HTTP/1.1" 200 37 
0:0:0:0:0:0:0:1 -  -  [25/Mar/2014:23:55:12 +0000] "GET /exist/apps/bfResources/scripts/dijit/themes/nihilo/images/buttonHover.png HTTP/1.1" 200 134 
0:0:0:0:0:0:0:1 -  -  [25/Mar/2014:23:55:12 +0000] "GET /exist/apps/bfResources/scripts/dijit/themes/nihilo/images/buttonActive.png HTTP/1.1" 200 139 
0:0:0:0:0:0:0:1 -  -  [25/Mar/2014:23:55:14 +0000] "POST /exist/apps/dashboard/login HTTP/1.1" 200 36 
0:0:0:0:0:0:0:1 -  -  [25/Mar/2014:23:55:14 +0000] "GET /exist/apps/dashboard/plugins/userManager/userManager.html HTTP/1.1" 200 11510 
0:0:0:0:0:0:0:1 -  -  [25/Mar/2014:23:55:15 +0000] "GET /exist/apps/dashboard/plugins/userManager/userManager.js HTTP/1.1" 200 45084 
0:0:0:0:0:0:0:1 -  -  [25/Mar/2014:23:55:15 +0000] "GET /exist/apps/bfResources/scripts/dojox/data/JsonRestStore.js HTTP/1.1" 200 5071 
0:0:0:0:0:0:0:1 -  -  [25/Mar/2014:23:55:15 +0000] "GET /exist/apps/bfResources/scripts/dijit/form/ComboBox.js HTTP/1.1" 200 161 
0:0:0:0:0:0:0:1 -  -  [25/Mar/2014:23:55:15 +0000] "GET /exist/apps/bfResources/scripts/dojox/fx.js HTTP/1.1" 200 66 
0:0:0:0:0:0:0:1 -  -  [25/Mar/2014:23:55:15 +0000] "GET /exist/apps/bfResources/scripts/dojo/data/ItemFileWriteStore.js HTTP/1.1" 200 9583 
0:0:0:0:0:0:0:1 -  -  [25/Mar/2014:23:55:15 +0000] "GET /exist/apps/bfResources/scripts/dijit/form/MultiSelect.js HTTP/1.1" 200 1334 
0:0:0:0:0:0:0:1 -  -  [25/Mar/2014:23:55:15 +0000] "GET /exist/apps/bfResources/scripts/dijit/layout/TabContainer.js HTTP/1.1" 200 947 
0:0:0:0:0:0:0:1 -  -  [25/Mar/2014:23:55:15 +0000] "GET /exist/apps/bfResources/scripts/dijit/layout/StackContainer.js HTTP/1.1" 200 3531 
0:0:0:0:0:0:0:1 -  -  [25/Mar/2014:23:55:15 +0000] "GET /exist/apps/bfResources/scripts/dijit/form/CheckBox.js HTTP/1.1" 200 1341 
0:0:0:0:0:0:0:1 -  -  [25/Mar/2014:23:55:15 +0000] "GET /exist/apps/bfResources/scripts/dijit/form/NumberSpinner.js HTTP/1.1" 200 706 
0:0:0:0:0:0:0:1 -  -  [25/Mar/2014:23:55:15 +0000] "GET /exist/apps/bfResources/scripts/dojox/grid/EnhancedGrid.js HTTP/1.1" 200 3361 
0:0:0:0:0:0:0:1 -  -  [25/Mar/2014:23:55:15 +0000] "GET /exist/apps/bfResources/scripts/dojox/grid/enhanced/plugins/Menu.js HTTP/1.1" 200 2195 
0:0:0:0:0:0:0:1 -  -  [25/Mar/2014:23:55:15 +0000] "GET /exist/apps/bfResources/scripts/dijit/Declaration.js HTTP/1.1" 200 1364 
0:0:0:0:0:0:0:1 -  -  [25/Mar/2014:23:55:15 +0000] "GET /exist/apps/bfResources/scripts/dijit/MenuItem.js HTTP/1.1" 200 2941 
0:0:0:0:0:0:0:1 -  -  [25/Mar/2014:23:55:15 +0000] "GET /exist/apps/bfResources/scripts/dijit/layout/StackController.js HTTP/1.1" 200 4801 
0:0:0:0:0:0:0:1 -  -  [25/Mar/2014:23:55:15 +0000] "GET /exist/apps/bfResources/scripts/dojox/rpc/JsonRest.js HTTP/1.1" 200 5822 
0:0:0:0:0:0:0:1 -  -  [25/Mar/2014:23:55:15 +0000] "GET /exist/apps/bfResources/scripts/dijit/Menu.js HTTP/1.1" 200 3385 
0:0:0:0:0:0:0:1 -  -  [25/Mar/2014:23:55:15 +0000] "GET /exist/apps/bfResources/scripts/dojox/rpc/Rest.js HTTP/1.1" 200 1907 
0:0:0:0:0:0:0:1 -  -  [25/Mar/2014:23:55:15 +0000] "GET /exist/apps/bfResources/scripts/dojox/json/schema.js HTTP/1.1" 200 3693 
0:0:0:0:0:0:0:1 -  -  [25/Mar/2014:23:55:15 +0000] "GET /exist/apps/bfResources/scripts/dojox/data/ServiceStore.js HTTP/1.1" 200 3229 
0:0:0:0:0:0:0:1 -  -  [25/Mar/2014:23:55:15 +0000] "GET /exist/apps/bfResources/scripts/dojo/data/ItemFileReadStore.js HTTP/1.1" 200 10851 
0:0:0:0:0:0:0:1 -  -  [25/Mar/2014:23:55:15 +0000] "GET /exist/apps/dashboard/plugins/base.js HTTP/1.1" 200 2743 
0:0:0:0:0:0:0:1 -  -  [25/Mar/2014:23:55:15 +0000] "GET /exist/apps/bfResources/scripts/dijit/layout/ScrollingTabController.js HTTP/1.1" 200 8399 
0:0:0:0:0:0:0:1 -  -  [25/Mar/2014:23:55:15 +0000] "GET /exist/apps/bfResources/scripts/dijit/form/ComboBoxMixin.js HTTP/1.1" 200 2852 
0:0:0:0:0:0:0:1 -  -  [25/Mar/2014:23:55:15 +0000] "GET /exist/apps/bfResources/scripts/dijit/layout/_TabContainerBase.js HTTP/1.1" 200 2382 
0:0:0:0:0:0:0:1 -  -  [25/Mar/2014:23:55:15 +0000] "GET /exist/apps/bfResources/scripts/dijit/layout/TabController.js HTTP/1.1" 200 3027 
0:0:0:0:0:0:0:1 -  -  [25/Mar/2014:23:55:15 +0000] "GET /exist/apps/bfResources/scripts/dojox/widget/Standby.js HTTP/1.1" 200 8546 
0:0:0:0:0:0:0:1 -  -  [25/Mar/2014:23:55:15 +0000] "GET /exist/apps/bfResources/scripts/dijit/Toolbar.js HTTP/1.1" 200 613 
0:0:0:0:0:0:0:1 -  -  [25/Mar/2014:23:55:15 +0000] "GET /exist/apps/bfResources/scripts/dojox/main.js HTTP/1.1" 200 81 
0:0:0:0:0:0:0:1 -  -  [25/Mar/2014:23:55:15 +0000] "GET /exist/apps/bfResources/scripts/dojox/grid/DataGrid.js HTTP/1.1" 200 9163 
0:0:0:0:0:0:0:1 -  -  [25/Mar/2014:23:55:15 +0000] "GET /exist/apps/bfResources/scripts/dojo/cookie.js HTTP/1.1" 200 803 
0:0:0:0:0:0:0:1 -  -  [25/Mar/2014:23:55:15 +0000] "GET /exist/apps/bfResources/scripts/dijit/layout/_LayoutWidget.js HTTP/1.1" 200 1449 
0:0:0:0:0:0:0:1 -  -  [25/Mar/2014:23:55:15 +0000] "GET /exist/apps/bfResources/scripts/dojox/grid/enhanced/nls/EnhancedGrid.js HTTP/1.1" 200 860 
0:0:0:0:0:0:0:1 -  -  [25/Mar/2014:23:55:15 +0000] "GET /exist/apps/bfResources/scripts/dijit/form/_Spinner.js HTTP/1.1" 200 4137 
0:0:0:0:0:0:0:1 -  -  [25/Mar/2014:23:55:15 +0000] "GET /exist/apps/bfResources/scripts/dijit/_WidgetsInTemplateMixin.js HTTP/1.1" 200 718 
0:0:0:0:0:0:0:1 -  -  [25/Mar/2014:23:55:15 +0000] "GET /exist/apps/bfResources/scripts/dijit/form/ToggleButton.js HTTP/1.1" 200 352 
0:0:0:0:0:0:0:1 -  -  [25/Mar/2014:23:55:15 +0000] "GET /exist/apps/bfResources/scripts/dijit/form/_CheckBoxMixin.js HTTP/1.1" 200 701 
0:0:0:0:0:0:0:1 -  -  [25/Mar/2014:23:55:15 +0000] "GET /exist/apps/bfResources/scripts/dijit/DropDownMenu.js HTTP/1.1" 200 1067 
0:0:0:0:0:0:0:1 -  -  [25/Mar/2014:23:55:15 +0000] "GET /exist/apps/bfResources/scripts/dojo/data/util/filter.js HTTP/1.1" 200 482 
0:0:0:0:0:0:0:1 -  -  [25/Mar/2014:23:55:15 +0000] "GET /exist/apps/bfResources/scripts/dojo/data/util/simpleFetch.js HTTP/1.1" 200 769 
0:0:0:0:0:0:0:1 -  -  [25/Mar/2014:23:55:15 +0000] "GET /exist/apps/bfResources/scripts/dojox/json/ref.js HTTP/1.1" 200 3815 
0:0:0:0:0:0:0:1 -  -  [25/Mar/2014:23:55:15 +0000] "GET /exist/apps/bfResources/scripts/dojo/store/util/QueryResults.js HTTP/1.1" 200 521 
0:0:0:0:0:0:0:1 -  -  [25/Mar/2014:23:55:15 +0000] "GET /exist/apps/bfResources/scripts/dijit/form/_AutoCompleterMixin.js HTTP/1.1" 200 8265 
0:0:0:0:0:0:0:1 -  -  [25/Mar/2014:23:55:15 +0000] "GET /exist/apps/bfResources/scripts/dijit/form/_ComboBoxMenu.js HTTP/1.1" 200 1874 
0:0:0:0:0:0:0:1 -  -  [25/Mar/2014:23:55:15 +0000] "GET /exist/apps/bfResources/scripts/dojox/grid/_Grid.js HTTP/1.1" 200 17020 
0:0:0:0:0:0:0:1 -  -  [25/Mar/2014:23:55:15 +0000] "GET /exist/apps/bfResources/scripts/dijit/typematic.js HTTP/1.1" 200 2576 
0:0:0:0:0:0:0:1 -  -  [25/Mar/2014:23:55:15 +0000] "GET /exist/apps/bfResources/scripts/dijit/form/RangeBoundTextBox.js HTTP/1.1" 200 1809 
0:0:0:0:0:0:0:1 -  -  [25/Mar/2014:23:55:15 +0000] "GET /exist/apps/bfResources/scripts/dijit/_KeyNavContainer.js HTTP/1.1" 200 2495 
0:0:0:0:0:0:0:1 -  -  [25/Mar/2014:23:55:15 +0000] "GET /exist/apps/bfResources/scripts/dijit/form/_ToggleButtonMixin.js HTTP/1.1" 200 625 
0:0:0:0:0:0:0:1 -  -  [25/Mar/2014:23:55:15 +0000] "GET /exist/apps/bfResources/scripts/dijit/_MenuBase.js HTTP/1.1" 200 3735 
0:0:0:0:0:0:0:1 -  -  [25/Mar/2014:23:55:15 +0000] "GET /exist/apps/bfResources/scripts/dijit/form/NumberTextBox.js HTTP/1.1" 200 2742 
0:0:0:0:0:0:0:1 -  -  [25/Mar/2014:23:55:15 +0000] "GET /exist/apps/bfResources/scripts/dojox/grid/DataSelection.js HTTP/1.1" 200 1221 
0:0:0:0:0:0:0:1 -  -  [25/Mar/2014:23:55:15 +0000] "GET /exist/apps/bfResources/scripts/dojox/grid/enhanced/_PluginManager.js HTTP/1.1" 200 3217 
0:0:0:0:0:0:0:1 -  -  [25/Mar/2014:23:55:15 +0000] "GET /exist/apps/bfResources/scripts/dojox/grid/enhanced/plugins/_SelectionPreserver.js HTTP/1.1" 200 1821 
0:0:0:0:0:0:0:1 -  -  [25/Mar/2014:23:55:15 +0000] "GET /exist/apps/bfResources/scripts/dojox/grid/enhanced/_Plugin.js HTTP/1.1" 200 1191 
0:0:0:0:0:0:0:1 -  -  [25/Mar/2014:23:55:15 +0000] "GET /exist/apps/bfResources/scripts/dojo/data/util/sorter.js HTTP/1.1" 200 708 
0:0:0:0:0:0:0:1 -  -  [25/Mar/2014:23:55:15 +0000] "GET /exist/apps/bfResources/scripts/dojox/grid/_Layout.js HTTP/1.1" 200 3451 
0:0:0:0:0:0:0:1 -  -  [25/Mar/2014:23:55:15 +0000] "GET /exist/apps/bfResources/scripts/dojox/grid/_View.js HTTP/1.1" 200 16023 
0:0:0:0:0:0:0:1 -  -  [25/Mar/2014:23:55:15 +0000] "GET /exist/apps/bfResources/scripts/dojox/grid/_ViewManager.js HTTP/1.1" 200 3593 
0:0:0:0:0:0:0:1 -  -  [25/Mar/2014:23:55:15 +0000] "GET /exist/apps/bfResources/scripts/dojox/grid/_RowManager.js HTTP/1.1" 200 1042 
0:0:0:0:0:0:0:1 -  -  [25/Mar/2014:23:55:15 +0000] "GET /exist/apps/bfResources/scripts/dojox/grid/_FocusManager.js HTTP/1.1" 200 10935 
0:0:0:0:0:0:0:1 -  -  [25/Mar/2014:23:55:15 +0000] "GET /exist/apps/bfResources/scripts/dojox/grid/_EditManager.js HTTP/1.1" 200 3215 
0:0:0:0:0:0:0:1 -  -  [25/Mar/2014:23:55:15 +0000] "GET /exist/apps/bfResources/scripts/dojox/grid/Selection.js HTTP/1.1" 200 3373 
0:0:0:0:0:0:0:1 -  -  [25/Mar/2014:23:55:15 +0000] "GET /exist/apps/bfResources/scripts/dojox/grid/_RowSelector.js HTTP/1.1" 200 1247 
0:0:0:0:0:0:0:1 -  -  [25/Mar/2014:23:55:15 +0000] "GET /exist/apps/bfResources/scripts/dojox/grid/util.js HTTP/1.1" 200 1021 
0:0:0:0:0:0:0:1 -  -  [25/Mar/2014:23:55:15 +0000] "GET /exist/apps/bfResources/scripts/dijit/CheckedMenuItem.js HTTP/1.1" 200 1399 
0:0:0:0:0:0:0:1 -  -  [25/Mar/2014:23:55:15 +0000] "GET /exist/apps/bfResources/scripts/dojox/html/metrics.js HTTP/1.1" 200 2936 
0:0:0:0:0:0:0:1 -  -  [25/Mar/2014:23:55:15 +0000] "GET /exist/apps/bfResources/scripts/dijit/form/MappedTextBox.js HTTP/1.1" 200 806 
0:0:0:0:0:0:0:1 -  -  [25/Mar/2014:23:55:15 +0000] "GET /exist/apps/bfResources/scripts/dojox/grid/_Events.js HTTP/1.1" 200 5257 
0:0:0:0:0:0:0:1 -  -  [25/Mar/2014:23:55:15 +0000] "GET /exist/apps/bfResources/scripts/dojox/grid/_SelectionPreserver.js HTTP/1.1" 200 1041 
0:0:0:0:0:0:0:1 -  -  [25/Mar/2014:23:55:15 +0000] "GET /exist/apps/bfResources/scripts/dojox/grid/enhanced/_Events.js HTTP/1.1" 200 2882 
0:0:0:0:0:0:0:1 -  -  [25/Mar/2014:23:55:15 +0000] "GET /exist/apps/bfResources/scripts/dojox/grid/enhanced/_FocusManager.js HTTP/1.1" 200 12330 
0:0:0:0:0:0:0:1 -  -  [25/Mar/2014:23:55:15 +0000] "GET /exist/apps/bfResources/scripts/dijit/form/_ListMouseMixin.js HTTP/1.1" 200 1429 
0:0:0:0:0:0:0:1 -  -  [25/Mar/2014:23:55:15 +0000] "GET /exist/apps/bfResources/scripts/dijit/form/DataList.js HTTP/1.1" 200 638 
0:0:0:0:0:0:0:1 -  -  [25/Mar/2014:23:55:15 +0000] "GET /exist/apps/bfResources/scripts/dojox/grid/_Scroller.js HTTP/1.1" 200 8770 
0:0:0:0:0:0:0:1 -  -  [25/Mar/2014:23:55:15 +0000] "GET /exist/apps/bfResources/scripts/dijit/form/_ComboBoxMenuMixin.js HTTP/1.1" 200 2264 
0:0:0:0:0:0:0:1 -  -  [25/Mar/2014:23:55:15 +0000] "GET /exist/apps/bfResources/scripts/dojo/number.js HTTP/1.1" 200 5417 
0:0:0:0:0:0:0:1 -  -  [25/Mar/2014:23:55:15 +0000] "GET /exist/apps/bfResources/scripts/dojox/grid/cells.js HTTP/1.1" 200 98 
0:0:0:0:0:0:0:1 -  -  [25/Mar/2014:23:55:15 +0000] "GET /exist/apps/bfResources/scripts/dijit/form/nls/ComboBox.js HTTP/1.1" 200 550 
0:0:0:0:0:0:0:1 -  -  [25/Mar/2014:23:55:15 +0000] "GET /exist/apps/bfResources/scripts/dijit/form/_ListBase.js HTTP/1.1" 200 1347 
0:0:0:0:0:0:0:1 -  -  [25/Mar/2014:23:55:15 +0000] "GET /exist/apps/bfResources/scripts/dojo/cldr/nls/number.js HTTP/1.1" 200 1290 
0:0:0:0:0:0:0:1 -  -  [25/Mar/2014:23:55:15 +0000] "GET /exist/apps/bfResources/scripts/dojo/store/Memory.js HTTP/1.1" 200 1031 
0:0:0:0:0:0:0:1 -  -  [25/Mar/2014:23:55:15 +0000] "GET /exist/apps/bfResources/scripts/dojox/grid/_Builder.js HTTP/1.1" 200 12329 
0:0:0:0:0:0:0:1 -  -  [25/Mar/2014:23:55:15 +0000] "GET /exist/apps/bfResources/scripts/dojox/grid/cells/_base.js HTTP/1.1" 200 6432 
0:0:0:0:0:0:0:1 -  -  [25/Mar/2014:23:55:15 +0000] "GET /exist/apps/bfResources/scripts/dojo/cldr/nls/en/number.js HTTP/1.1" 200 482 
0:0:0:0:0:0:0:1 -  -  [25/Mar/2014:23:55:15 +0000] "GET /exist/apps/bfResources/scripts/dojo/store/util/SimpleQueryEngine.js HTTP/1.1" 200 773 
0:0:0:0:0:0:0:1 -  -  [25/Mar/2014:23:55:16 +0000] "GET /exist/apps/dashboard/plugins/userManager/api/user/ HTTP/1.1" 200 471 
0:0:0:0:0:0:0:1 -  -  [25/Mar/2014:23:55:16 +0000] "GET /exist/apps/dashboard/plugins/userManager/userManager.css HTTP/1.1" 200 1271 
0:0:0:0:0:0:0:1 -  -  [25/Mar/2014:23:55:16 +0000] "GET /exist/apps/bfResources/scripts/dijit/themes/nihilo/images/tabContainerSprite.gif HTTP/1.1" 200 1285 
0:0:0:0:0:0:0:1 -  -  [25/Mar/2014:23:55:16 +0000] "GET /exist/apps/bfResources/scripts/dijit/themes/nihilo/images/spriteCheckbox.gif HTTP/1.1" 200 774 
0:0:0:0:0:0:0:1 -  -  [25/Mar/2014:23:55:16 +0000] "GET /exist/apps/bfResources/scripts/dijit/themes/nihilo/images/spriteRoundedIconsSmall.png HTTP/1.1" 200 2195 
0:0:0:0:0:0:0:1 -  -  [25/Mar/2014:23:55:16 +0000] "GET /exist/apps/bfResources/scripts/dijit/themes/nihilo/images/titleBar.png HTTP/1.1" 200 148 
0:0:0:0:0:0:0:1 -  -  [25/Mar/2014:23:55:16 +0000] "GET /exist/apps/bfResources/scripts/dojox/widget/Standby/images/loading.gif HTTP/1.1" 200 4178 
0:0:0:0:0:0:0:1 -  -  [25/Mar/2014:23:55:16 +0000] "GET /exist/apps/dashboard/plugins/userManager/api/group/ HTTP/1.1" 200 285 
0:0:0:0:0:0:0:1 -  -  [25/Mar/2014:23:55:20 +0000] "GET /exist/apps/bfResources/scripts/dijit/themes/nihilo/images/titleBarActive.png HTTP/1.1" 200 155 
0:0:0:0:0:0:0:1 -  -  [25/Mar/2014:23:55:23 +0000] "GET /exist/apps/eXide/ HTTP/1.1" 302 0 
0:0:0:0:0:0:0:1 -  -  [25/Mar/2014:23:55:24 +0000] "GET /exist/apps/eXide/index.html HTTP/1.1" 200 35204 
0:0:0:0:0:0:0:1 -  -  [25/Mar/2014:23:55:24 +0000] "GET /exist/apps/eXide/resources/css/black-tie/jquery-ui-1.10.3.custom.min.css HTTP/1.1" 200 21203 
0:0:0:0:0:0:0:1 -  -  [25/Mar/2014:23:55:24 +0000] "GET /exist/apps/eXide/resources/scripts/jquery/jquery-1.9.1.min.js HTTP/1.1" 200 92629 
0:0:0:0:0:0:0:1 -  -  [25/Mar/2014:23:55:24 +0000] "GET /exist/apps/eXide/resources/css/eXide.css HTTP/1.1" 200 24103 
0:0:0:0:0:0:0:1 -  -  [25/Mar/2014:23:55:24 +0000] "GET /exist/apps/eXide/resources/scripts/jquery/jquery.layout-latest.css HTTP/1.1" 200 5385 
0:0:0:0:0:0:0:1 -  -  [25/Mar/2014:23:55:24 +0000] "GET /exist/apps/eXide/$shared/resources/scripts/jquery/jquery.pnotify.min.js HTTP/1.1" 200 14738 
0:0:0:0:0:0:0:1 -  -  [25/Mar/2014:23:55:24 +0000] "GET /exist/apps/eXide/$shared/resources/scripts/jquery/jquery-utils.js HTTP/1.1" 200 12301 
0:0:0:0:0:0:0:1 -  -  [25/Mar/2014:23:55:24 +0000] "GET /exist/apps/eXide/resources/scripts/d3.v3.min.js HTTP/1.1" 200 126781 
0:0:0:0:0:0:0:1 -  -  [25/Mar/2014:23:55:24 +0000] "GET /exist/apps/eXide/resources/scripts/less-1.3.0.min.js HTTP/1.1" 200 47054 
0:0:0:0:0:0:0:1 -  -  [25/Mar/2014:23:55:24 +0000] "GET /exist/apps/eXide/$shared/resources/scripts/ace/ace.js HTTP/1.1" 200 323243 
0:0:0:0:0:0:0:1 -  -  [25/Mar/2014:23:55:24 +0000] "GET /exist/apps/eXide/$shared/resources/scripts/ace/theme-eclipse.js HTTP/1.1" 200 2047 
0:0:0:0:0:0:0:1 -  -  [25/Mar/2014:23:55:24 +0000] "GET /exist/apps/eXide/$shared/resources/scripts/jquery/css/jquery.pnotify.default.css HTTP/1.1" 200 1766 
0:0:0:0:0:0:0:1 -  -  [25/Mar/2014:23:55:24 +0000] "GET /exist/apps/eXide/resources/scripts/jquery/slick.grid.css HTTP/1.1" 200 2872 
0:0:0:0:0:0:0:1 -  -  [25/Mar/2014:23:55:24 +0000] "GET /exist/apps/eXide/resources/scripts/jquery/jquery.plugins.min.js HTTP/1.1" 200 142484 
0:0:0:0:0:0:0:1 -  -  [25/Mar/2014:23:55:24 +0000] "GET /exist/apps/eXide/resources/scripts/jquery/jquery-ui-1.10.3.custom.min.js HTTP/1.1" 200 143557 
0:0:0:0:0:0:0:1 -  -  [25/Mar/2014:23:55:24 +0000] "GET /exist/apps/eXide/$shared/resources/scripts/ace/mode-javascript.js HTTP/1.1" 200 20258 
0:0:0:0:0:0:0:1 -  -  [25/Mar/2014:23:55:24 +0000] "GET /exist/apps/eXide/$shared/resources/scripts/ace/mode-c_cpp.js HTTP/1.1" 200 15123 
0:0:0:0:0:0:0:1 -  -  [25/Mar/2014:23:55:24 +0000] "GET /exist/apps/eXide/$shared/resources/scripts/ace/mode-html.js HTTP/1.1" 200 50763 
0:0:0:0:0:0:0:1 -  -  [25/Mar/2014:23:55:25 +0000] "GET /exist/apps/eXide/$shared/resources/scripts/ace/mode-less.js HTTP/1.1" 200 17216 
0:0:0:0:0:0:0:1 -  -  [25/Mar/2014:23:55:25 +0000] "GET /exist/apps/eXide/$shared/resources/scripts/ace/mode-json.js HTTP/1.1" 200 9826 
0:0:0:0:0:0:0:1 -  -  [25/Mar/2014:23:55:24 +0000] "GET /exist/apps/eXide/$shared/resources/scripts/ace/mode-css.js HTTP/1.1" 200 18984 
0:0:0:0:0:0:0:1 -  -  [25/Mar/2014:23:55:24 +0000] "GET /exist/apps/eXide/$shared/resources/scripts/ace/mode-xml.js HTTP/1.1" 200 14866 
0:0:0:0:0:0:0:1 -  -  [25/Mar/2014:23:55:25 +0000] "GET /exist/apps/eXide/$shared/resources/scripts/ace/mode-markdown.js HTTP/1.1" 200 57102 
0:0:0:0:0:0:0:1 -  -  [25/Mar/2014:23:55:25 +0000] "GET /exist/apps/eXide/resources/css/xml2html.css HTTP/1.1" 200 302 
0:0:0:0:0:0:0:1 -  -  [25/Mar/2014:23:55:25 +0000] "GET /exist/apps/eXide/$shared/resources/scripts/ace/demo.js HTTP/1.1" 200 214403 
0:0:0:0:0:0:0:1 -  -  [25/Mar/2014:23:55:25 +0000] "GET /exist/apps/eXide/$shared/resources/scripts/ace/mode-snippets.js HTTP/1.1" 200 3634 
0:0:0:0:0:0:0:1 -  -  [25/Mar/2014:23:55:25 +0000] "GET /exist/apps/eXide/resources/scripts/eXide.min.js HTTP/1.1" 200 146979 
0:0:0:0:0:0:0:1 -  -  [25/Mar/2014:23:55:25 +0000] "GET /exist/apps/eXide/resources/scripts/xqlint.min.js HTTP/1.1" 200 705052 
0:0:0:0:0:0:0:1 -  -  [25/Mar/2014:23:55:25 +0000] "GET /exist/apps/eXide/resources/images/logo.png HTTP/1.1" 200 5486 
0:0:0:0:0:0:0:1 -  -  [25/Mar/2014:23:55:25 +0000] "GET /exist/apps/eXide/resources/images/control_fastforward.png HTTP/1.1" 200 607 
0:0:0:0:0:0:0:1 -  -  [25/Mar/2014:23:55:25 +0000] "GET /exist/apps/eXide/resources/images/fullscreen.png HTTP/1.1" 200 247 
0:0:0:0:0:0:0:1 -  -  [25/Mar/2014:23:55:25 +0000] "GET /exist/apps/eXide/resources/images/layouts_split.png HTTP/1.1" 200 450 
0:0:0:0:0:0:0:1 -  -  [25/Mar/2014:23:55:25 +0000] "GET /exist/apps/eXide/resources/images/application_go.png HTTP/1.1" 200 634 
0:0:0:0:0:0:0:1 -  -  [25/Mar/2014:23:55:25 +0000] "GET /exist/apps/eXide/resources/images/control_rewind.png HTTP/1.1" 200 614 
0:0:0:0:0:0:0:1 -  -  [25/Mar/2014:23:55:25 +0000] "GET /exist/apps/eXide/resources/images/bubble.gif HTTP/1.1" 200 6286 
0:0:0:0:0:0:0:1 -  -  [25/Mar/2014:23:55:25 +0000] "GET /exist/apps/eXide/resources/css/black-tie/images/ui-icons_222222_256x240.png HTTP/1.1" 200 6922 
0:0:0:0:0:0:0:1 -  -  [25/Mar/2014:23:55:26 +0000] "GET /exist/apps/eXide/resources/images/error.png HTTP/1.1" 200 3115 
0:0:0:0:0:0:0:1 -  -  [25/Mar/2014:23:55:26 +0000] "GET /exist/apps/eXide/resources/images/information.png HTTP/1.1" 200 3159 
0:0:0:0:0:0:0:1 -  -  [25/Mar/2014:23:55:26 +0000] "GET /exist/apps/eXide/keybindings.js HTTP/1.1" 200 1862 
0:0:0:0:0:0:0:1 -  -  [25/Mar/2014:23:55:26 +0000] "GET /exist/apps/eXide/resources/images/arrow_refresh.png HTTP/1.1" 200 685 
0:0:0:0:0:0:0:1 -  -  [25/Mar/2014:23:55:26 +0000] "GET /exist/apps/eXide/resources/images/folder_add.png HTTP/1.1" 200 668 
0:0:0:0:0:0:0:1 -  -  [25/Mar/2014:23:55:26 +0000] "GET /exist/apps/eXide/resources/images/database_add.png HTTP/1.1" 200 658 
0:0:0:0:0:0:0:1 -  -  [25/Mar/2014:23:55:26 +0000] "GET /exist/apps/eXide/resources/images/page_copy.png HTTP/1.1" 200 663 
0:0:0:0:0:0:0:1 -  -  [25/Mar/2014:23:55:26 +0000] "GET /exist/apps/eXide/resources/images/cut.png HTTP/1.1" 200 648 
0:0:0:0:0:0:0:1 -  -  [25/Mar/2014:23:55:26 +0000] "GET /exist/apps/eXide/resources/images/bin.png HTTP/1.1" 200 476 
0:0:0:0:0:0:0:1 -  -  [25/Mar/2014:23:55:26 +0000] "GET /exist/apps/eXide/$shared/resources/scripts/ace/emmet.js HTTP/1.1" 200 401329 
0:0:0:0:0:0:0:1 -  -  [25/Mar/2014:23:55:26 +0000] "GET /exist/apps/eXide/resources/images/page_edit.png HTTP/1.1" 200 807 
0:0:0:0:0:0:0:1 -  -  [25/Mar/2014:23:55:27 +0000] "GET /exist/apps/eXide/resources/images/toggle-dn.gif HTTP/1.1" 200 856 
0:0:0:0:0:0:0:1 -  -  [25/Mar/2014:23:55:27 +0000] "GET /exist/apps/eXide/resources/images/toggle-lt.gif HTTP/1.1" 200 871 
0:0:0:0:0:0:0:1 -  -  [25/Mar/2014:23:55:26 +0000] "GET /exist/apps/eXide/login HTTP/1.1" 200 38 
0:0:0:0:0:0:0:1 -  -  [25/Mar/2014:23:55:27 +0000] "GET /exist/apps/eXide/resources/css/black-tie/images/ui-icons_ededed_256x240.png HTTP/1.1" 200 6916 
0:0:0:0:0:0:0:1 -  -  [25/Mar/2014:23:55:26 +0000] "GET /exist/apps/eXide/resources/images/application_form_edit.png HTTP/1.1" 200 714 
0:0:0:0:0:0:0:1 -  -  [25/Mar/2014:23:55:27 +0000] "GET /exist/apps/eXide/resources/css/black-tie/images/ui-bg_diagonals-thick_8_333333_40x40.png HTTP/1.1" 200 312 
0:0:0:0:0:0:0:1 -  -  [25/Mar/2014:23:55:27 +0000] "GET /exist/apps/eXide/resources/images/page_paste.png HTTP/1.1" 200 703 
0:0:0:0:0:0:0:1 -  -  [25/Mar/2014:23:55:27 +0000] "GET /exist/apps/eXide/resources/css/black-tie/images/ui-bg_glass_40_111111_1x400.png HTTP/1.1" 200 260 
0:0:0:0:0:0:0:1 -  -  [25/Mar/2014:23:55:27 +0000] "GET /exist/apps/eXide/resources/css/black-tie/images/ui-bg_highlight-hard_100_f9f9f9_1x100.png HTTP/1.1" 200 252 
0:0:0:0:0:0:0:1 -  -  [25/Mar/2014:23:55:27 +0000] "GET /exist/apps/eXide/$shared/resources/scripts/ace/theme-tomorrow.js HTTP/1.1" 200 2570 
0:0:0:0:0:0:0:1 -  -  [25/Mar/2014:23:55:27 +0000] "GET /exist/apps/eXide/templates/xquery.snippets HTTP/1.1" 200 1961 
0:0:0:0:0:0:0:1 -  -  [25/Mar/2014:23:55:27 +0000] "GET /exist/apps/eXide/resources/images/toggle-up.gif HTTP/1.1" 200 856 
0:0:0:0:0:0:0:1 -  -  [25/Mar/2014:23:55:27 +0000] "GET /exist/apps/eXide/modules/deployment.xql?info=__new__1 HTTP/1.1" 200 4 
0:0:0:0:0:0:0:1 -  -  [25/Mar/2014:23:55:30 +0000] "GET /exist/apps/eXide/resources/css/black-tie/images/ui-bg_glass_55_1c1c1c_1x400.png HTTP/1.1" 200 260 
0:0:0:0:0:0:0:1 -  -  [25/Mar/2014:23:55:30 +0000] "GET /exist/apps/eXide/resources/css/black-tie/images/ui-icons_ffffff_256x240.png HTTP/1.1" 200 6299 
0:0:0:0:0:0:0:1 -  -  [25/Mar/2014:23:55:33 +0000] "POST /exist/apps/dashboard/login HTTP/1.1" 200 36 
